   Compiling kaspa-utils v1.0.1 (/Users/luke/Documents/GitHub/rusty-kaspa/utils)
   Compiling kaspa-hashes v1.0.1 (/Users/luke/Documents/GitHub/rusty-kaspa/crypto/hashes)
   Compiling kaspa-math v1.0.1 (/Users/luke/Documents/GitHub/rusty-kaspa/math)
   Compiling kaspa-merkle v1.0.1 (/Users/luke/Documents/GitHub/rusty-kaspa/crypto/merkle)
   Compiling kaspa-muhash v1.0.1 (/Users/luke/Documents/GitHub/rusty-kaspa/crypto/muhash)
   Compiling kaspa-consensus-core v1.0.1 (/Users/luke/Documents/GitHub/rusty-kaspa/consensus/core)
   Compiling kaspa-mining-errors v1.0.1 (/Users/luke/Documents/GitHub/rusty-kaspa/mining/errors)
   Compiling kaspa-p2p-lib v1.0.1 (/Users/luke/Documents/GitHub/rusty-kaspa/protocol/p2p)
    Finished `dev` profile [unoptimized + debuginfo] target(s) in 12.64s
     Running `target/debug/kaspa_p2p_server`
2025-10-29 19:54:22.792+11:00 [INFO ] P2P Server starting on: [::1]:50051
command-tx[swarm-12D3KooWGmakV4jeKDg5eqt7Cwah8w95cGgDEA2vPM1GcJFxyHXg]: ++ (init) -> 1
✓ Yamux: receive_window=32MiB, max_buffer=32MiB
2025-10-29 19:54:22.799+11:00 [INFO ] local_peer_id=12D3KooWGmakV4jeKDg5eqt7Cwah8w95cGgDEA2vPM1GcJFxyHXg
command-tx[swarm-12D3KooWGmakV4jeKDg5eqt7Cwah8w95cGgDEA2vPM1GcJFxyHXg]: ++ (SwarmHandle::command_tx) -> 2
command-tx[swarm-12D3KooWGmakV4jeKDg5eqt7Cwah8w95cGgDEA2vPM1GcJFxyHXg]: -- (drop) -> 1
2025-10-29 19:54:22.800+11:00 [DEBUG] Swarm::poll;
2025-10-29 19:54:22.800+11:00 [DEBUG] Pool::poll;
2025-10-29 19:54:22.800+11:00 [DEBUG] Failed to listen on address using libp2p_core::transport::map::Map<libp2p_core::transport::upgrade::Multiplexed<libp2p_core::transport::and_then::AndThen<libp2p_core::transport::and_then::AndThen<libp2p_relay::priv_client::transport::Transport, libp2p_core::transport::upgrade::Builder<libp2p_relay::priv_client::transport::Transport>::authenticate<libp2p_relay::priv_client::Connection, libp2p_noise::io::Output<multistream_select::negotiated::Negotiated<libp2p_relay::priv_client::Connection>>, libp2p_noise::Config, libp2p_noise::Error>::{{closure}}>, libp2p_core::transport::upgrade::Authenticated<libp2p_core::transport::and_then::AndThen<libp2p_relay::priv_client::transport::Transport, libp2p_core::transport::upgrade::Builder<libp2p_relay::priv_client::transport::Transport>::authenticate<libp2p_relay::priv_client::Connection, libp2p_noise::io::Output<multistream_select::negotiated::Negotiated<libp2p_relay::priv_client::Connection>>, libp2p_noise::Config, libp2p_noise::Error>::{{closure}}>>::multiplex<libp2p_noise::io::Output<multistream_select::negotiated::Negotiated<libp2p_relay::priv_client::Connection>>, libp2p_yamux::Muxer<multistream_select::negotiated::Negotiated<libp2p_noise::io::Output<multistream_select::negotiated::Negotiated<libp2p_relay::priv_client::Connection>>>>, libp2p_yamux::Config, std::io::error::Error>::{{closure}}>>, libp2p::builder::phase::relay::<impl libp2p::builder::SwarmBuilder<libp2p::builder::phase::provider::Tokio, libp2p::builder::phase::relay::RelayPhase<libp2p_core::transport::map::Map<libp2p_core::transport::upgrade::Multiplexed<libp2p_core::transport::and_then::AndThen<libp2p_core::transport::and_then::AndThen<libp2p_tcp::Transport<libp2p_tcp::provider::tokio::Tcp>, libp2p_core::transport::upgrade::Builder<libp2p_tcp::Transport<libp2p_tcp::provider::tokio::Tcp>>::authenticate<libp2p_tcp::provider::tokio::TcpStream, libp2p_noise::io::Output<multistream_select::negotiated::Negotiated<libp2p_tcp::provider::tokio::TcpStream>>, libp2p_noise::Config, libp2p_noise::Error>::{{closure}}>, libp2p_core::transport::upgrade::Authenticated<libp2p_core::transport::and_then::AndThen<libp2p_tcp::Transport<libp2p_tcp::provider::tokio::Tcp>, libp2p_core::transport::upgrade::Builder<libp2p_tcp::Transport<libp2p_tcp::provider::tokio::Tcp>>::authenticate<libp2p_tcp::provider::tokio::TcpStream, libp2p_noise::io::Output<multistream_select::negotiated::Negotiated<libp2p_tcp::provider::tokio::TcpStream>>, libp2p_noise::Config, libp2p_noise::Error>::{{closure}}>>::multiplex<libp2p_noise::io::Output<multistream_select::negotiated::Negotiated<libp2p_tcp::provider::tokio::TcpStream>>, libp2p_yamux::Muxer<multistream_select::negotiated::Negotiated<libp2p_noise::io::Output<multistream_select::negotiated::Negotiated<libp2p_tcp::provider::tokio::TcpStream>>>>, libp2p_yamux::Config, std::io::error::Error>::{{closure}}>>, libp2p::builder::phase::tcp::<impl libp2p::builder::SwarmBuilder<libp2p::builder::phase::provider::Tokio, libp2p::builder::phase::tcp::TcpPhase>>::with_tcp<libp2p_noise::Config::new, libp2p_noise::io::Output<multistream_select::negotiated::Negotiated<libp2p_tcp::provider::tokio::TcpStream>>, libp2p_noise::Error, hole_punch_bridge::swarm::build_swarm::{{closure}}, libp2p_yamux::Muxer<multistream_select::negotiated::Negotiated<libp2p_noise::io::Output<multistream_select::negotiated::Negotiated<libp2p_tcp::provider::tokio::TcpStream>>>>, std::io::error::Error>::{{closure}}>>>>::with_relay_client<libp2p_noise::Config::new, libp2p_noise::io::Output<multistream_select::negotiated::Negotiated<libp2p_relay::priv_client::Connection>>, libp2p_noise::Error, hole_punch_bridge::swarm::build_swarm::{{closure}}, libp2p_yamux::Muxer<multistream_select::negotiated::Negotiated<libp2p_noise::io::Output<multistream_select::negotiated::Negotiated<libp2p_relay::priv_client::Connection>>>>, std::io::error::Error>::{{closure}}> address=/ip4/0.0.0.0/tcp/4100
2025-10-29 19:54:22.800+11:00 [DEBUG] listening on 0.0.0.0:4100
2025-10-29 19:54:22.801+11:00 [DEBUG] Swarm::poll;
2025-10-29 19:54:22.801+11:00 [DEBUG] Pool::poll;
2025-10-29 19:54:22.801+11:00 [DEBUG] New listen address address=/ip4/127.0.0.1/tcp/4100
2025-10-29 19:54:22.801+11:00 [DEBUG] New listener address listener=ListenerId(1) address=/ip4/127.0.0.1/tcp/4100
2025-10-29 19:54:22.801+11:00 [INFO ] Swarm listening address=/ip4/127.0.0.1/tcp/4100
2025-10-29 19:54:22.801+11:00 [DEBUG] Swarm::poll;
command-tx[2025-10-29 19:54:22.801+11:00 [DEBUG] Pool::poll;
swarm-12D3KooWGmakV4jeKDg5eqt7Cwah8w95cGgDEA2vPM1GcJFxyHXg]: ++ (SwarmHandle::command_tx) -> 2025-10-29 19:54:22.801+11:00 [DEBUG] New listen address address=/ip4/10.0.0.150/tcp/4100
2
2025-10-29 19:54:22.801+11:00 [DEBUG] New listener address listener=ListenerId(1) address=/ip4/10.0.0.150/tcp/4100
2025-10-29 19:54:22.801+11:00 [INFO ] Swarm listening address=/ip4/10.0.0.150/tcp/4100
2025-10-29 19:54:22.802+11:00 [DEBUG] Swarm::poll;
2025-10-29 19:54:22.802+11:00 [DEBUG] Pool::poll;
command-tx[swarm-12D3KooWGmakV4jeKDg5eqt7Cwah8w95cGgDEA2vPM1GcJFxyHXg]: -- (drop) -> 1
2025-10-29 19:54:22.802+11:00 [DEBUG] New listen address address=/ip4/192.168.139.3/tcp/4100
2025-10-29 19:54:22.802+11:00 [DEBUG] New listener address listener=ListenerId(1) address=/ip4/192.168.139.3/tcp/4100
2025-10-29 19:54:22.802+11:00 [INFO ] Swarm listening address=/ip4/192.168.139.3/tcp/4100
2025-10-29 19:54:22.802+11:00 [DEBUG] Swarm::poll;
2025-10-29 19:54:22.802+11:00 [DEBUG] Pool::poll;
2025-10-29 19:54:22.802+11:00 [DEBUG] New listen address address=/ip4/192.168.97.0/tcp/4100
2025-10-29 19:54:22.802+11:00 [DEBUG] New listener address listener=ListenerId(1) address=/ip4/192.168.97.0/tcp/4100
2025-10-29 19:54:22.802+11:00 [INFO ] Swarm listening address=/ip4/192.168.97.0/tcp/4100
2025-10-29 19:54:22.802+11:00 [DEBUG] Swarm::poll;
2025-10-29 19:54:22.802+11:00 [DEBUG] Pool::poll;
2025-10-29 19:54:22.802+11:00 [DEBUG] New listen address address=/ip4/192.168.215.0/tcp/4100
2025-10-29 19:54:22.802+11:00 [DEBUG] New listener address listener=ListenerId(1) address=/ip4/192.168.215.0/tcp/4100
2025-10-29 19:54:22.802+11:00 [INFO ] Swarm listening address=/ip4/192.168.215.0/tcp/4100
2025-10-29 19:54:22.802+11:00 [DEBUG] Swarm::poll;
2025-10-29 19:54:22.802+11:00 [DEBUG] Pool::poll;
2025-10-29 19:54:22.802+11:00 [DEBUG] New listen address address=/ip4/192.168.107.0/tcp/4100
2025-10-29 19:54:22.802+11:00 [DEBUG] New listener address listener=ListenerId(1) address=/ip4/192.168.107.0/tcp/4100
2025-10-29 19:54:22.802+11:00 [INFO ] Swarm listening address=/ip4/192.168.107.0/tcp/4100
2025-10-29 19:54:22.802+11:00 [DEBUG] Swarm::poll;
2025-10-29 19:54:22.802+11:00 [DEBUG] Pool::poll;
2025-10-29 19:54:22.802+11:00 [DEBUG] Swarm::poll;
2025-10-29 19:54:22.802+11:00 [DEBUG] Pool::poll;
2025-10-29 19:54:22.802+11:00 [DEBUG] Swarm::poll;
2025-10-29 19:54:22.802+11:00 [DEBUG] Failed to dial using libp2p_core::transport::map::Map<libp2p_core::transport::upgrade::Multiplexed<libp2p_core::transport::and_then::AndThen<libp2p_core::transport::and_then::AndThen<libp2p_tcp::Transport<libp2p_tcp::provider::tokio::Tcp>, libp2p_core::transport::upgrade::Builder<libp2p_tcp::Transport<libp2p_tcp::provider::tokio::Tcp>>::authenticate<libp2p_tcp::provider::tokio::TcpStream, libp2p_noise::io::Output<multistream_select::negotiated::Negotiated<libp2p_tcp::provider::tokio::TcpStream>>, libp2p_noise::Config, libp2p_noise::Error>::{{closure}}>, libp2p_core::transport::upgrade::Authenticated<libp2p_core::transport::and_then::AndThen<libp2p_tcp::Transport<libp2p_tcp::provider::tokio::Tcp>, libp2p_core::transport::upgrade::Builder<libp2p_tcp::Transport<libp2p_tcp::provider::tokio::Tcp>>::authenticate<libp2p_tcp::provider::tokio::TcpStream, libp2p_noise::io::Output<multistream_select::negotiated::Negotiated<libp2p_tcp::provider::tokio::TcpStream>>, libp2p_noise::Config, libp2p_noise::Error>::{{closure}}>>::multiplex<libp2p_noise::io::Output<multistream_select::negotiated::Negotiated<libp2p_tcp::provider::tokio::TcpStream>>, libp2p_yamux::Muxer<multistream_select::negotiated::Negotiated<libp2p_noise::io::Output<multistream_select::negotiated::Negotiated<libp2p_tcp::provider::tokio::TcpStream>>>>, libp2p_yamux::Config, std::io::error::Error>::{{closure}}>>, libp2p::builder::phase::tcp::<impl libp2p::builder::SwarmBuilder<libp2p::builder::phase::provider::Tokio, libp2p::builder::phase::tcp::TcpPhase>>::with_tcp<libp2p_noise::Config::new, libp2p_noise::io::Output<multistream_select::negotiated::Negotiated<libp2p_tcp::provider::tokio::TcpStream>>, libp2p_noise::Error, hole_punch_bridge::swarm::build_swarm::{{closure}}, libp2p_yamux::Muxer<multistream_select::negotiated::Negotiated<libp2p_noise::io::Output<multistream_select::negotiated::Negotiated<libp2p_tcp::provider::tokio::TcpStream>>>>, std::io::error::Error>::{{closure}}> address=/ip4/127.0.0.1/tcp/4011/p2p/12D3KooWR2KSRQWyanR1dPvnZkXt296xgf3FFn8135szya3zYYwY
2025-10-29 19:54:22.802+11:00 [DEBUG] dialing address address=127.0.0.1:4011
2025-10-29 19:54:22.803+11:00 [DEBUG] Transport::dial; address=/ip4/127.0.0.1/tcp/4011/p2p/12D3KooWR2KSRQWyanR1dPvnZkXt296xgf3FFn8135szya3zYYwY
2025-10-29 19:54:22.803+11:00 [DEBUG] new_outgoing_connection; concurrency_factor=8 num_dials=1 id=1
2025-10-29 19:54:22.803+11:00 [DEBUG] Swarm::poll;
2025-10-29 19:54:22.803+11:00 [DEBUG] Pool::poll;
2025-10-29 19:54:22.803+11:00 [DEBUG] Dialer: Proposed protocol: /noise
2025-10-29 19:54:22.803+11:00 [DEBUG] Dialer: Expecting proposed protocol: /noise
2025-10-29 19:54:22.817+11:00 [DEBUG] Negotiated: Received confirmation for protocol: /noise
2025-10-29 19:54:22.823+11:00 [DEBUG] Dialer: Proposed protocol: /yamux/1.0.0
2025-10-29 19:54:22.823+11:00 [DEBUG] Dialer: Expecting proposed protocol: /yamux/1.0.0
2025-10-29 19:54:22.823+11:00 [DEBUG] new connection: 5d914dba (Client)
2025-10-29 19:54:22.823+11:00 [DEBUG] Swarm::poll;
2025-10-29 19:54:22.823+11:00 [DEBUG] Pool::poll;
2025-10-29 19:54:22.823+11:00 [DEBUG] Creating new channel pair peer=12D3KooWR2KSRQWyanR1dPvnZkXt296xgf3FFn8135szya3zYYwY connection=1
2025-10-29 19:54:22.823+11:00 [DEBUG] new_established_connection; remote_addr=/ip4/127.0.0.1/tcp/4011/p2p/12D3KooWR2KSRQWyanR1dPvnZkXt296xgf3FFn8135szya3zYYwY id=1 peer=12D3KooWR2KSRQWyanR1dPvnZkXt296xgf3FFn8135szya3zYYwY
2025-10-29 19:54:22.823+11:00 [DEBUG] Connection established peer=12D3KooWR2KSRQWyanR1dPvnZkXt296xgf3FFn8135szya3zYYwY endpoint=Dialer { address: /ip4/127.0.0.1/tcp/4011/p2p/12D3KooWR2KSRQWyanR1dPvnZkXt296xgf3FFn8135szya3zYYwY, role_override: Dialer, port_use: Reuse } total_peers=1
2025-10-29 19:54:22.823+11:00 [DEBUG] Swarm connection established peer_id=12D3KooWR2KSRQWyanR1dPvnZkXt296xgf3FFn8135szya3zYYwY endpoint=Dialer { address: /ip4/127.0.0.1/tcp/4011/p2p/12D3KooWR2KSRQWyanR1dPvnZkXt296xgf3FFn8135szya3zYYwY, role_override: Dialer, port_use: Reuse }
2025-10-29 19:54:22.824+11:00 [DEBUG] Swarm::poll;
2025-10-29 19:54:22.824+11:00 [DEBUG] Pool::poll;
2025-10-29 19:54:22.824+11:00 [DEBUG] Connection::poll;
2025-10-29 19:54:22.824+11:00 [DEBUG] Swarm::poll;
2025-10-29 19:54:22.824+11:00 [DEBUG] Pool::poll;
2025-10-29 19:54:22.824+11:00 [DEBUG] 5d914dba: new outbound (Stream 5d914dba/1) of (Connection 5d914dba Client (streams 0))
2025-10-29 19:54:22.824+11:00 [DEBUG] Dialer: Proposed protocol: /libp2p/circuit/relay/0.2.0/hop
2025-10-29 19:54:22.824+11:00 [DEBUG] 5d914dba: new outbound (Stream 5d914dba/3) of (Connection 5d914dba Client (streams 1))
2025-10-29 19:54:22.824+11:00 [DEBUG] Dialer: Proposed protocol: /ipfs/ping/1.0.0
2025-10-29 19:54:22.824+11:00 [DEBUG] 5d914dba: new outbound (Stream 5d914dba/5) of (Connection 5d914dba Client (streams 2))
2025-10-29 19:54:22.824+11:00 [DEBUG] Dialer: Proposed protocol: /ipfs/id/1.0.0
2025-10-29 19:54:22.824+11:00 [DEBUG] Connection::poll;
2025-10-29 19:54:22.824+11:00 [DEBUG] Connection::poll;
2025-10-29 19:54:22.825+11:00 [DEBUG] Negotiated: Received confirmation for protocol: /yamux/1.0.0
2025-10-29 19:54:22.828+11:00 [DEBUG] Connection::poll;
2025-10-29 19:54:22.828+11:00 [DEBUG] Listener: confirming protocol: /ipfs/id/1.0.0
2025-10-29 19:54:22.828+11:00 [DEBUG] Listener: sent confirmed protocol: /ipfs/id/1.0.0
2025-10-29 19:54:22.829+11:00 [DEBUG] Connection::poll;
2025-10-29 19:54:22.829+11:00 [DEBUG] Listener: confirming protocol: /ipfs/ping/1.0.0
2025-10-29 19:54:22.829+11:00 [DEBUG] Listener: sent confirmed protocol: /ipfs/ping/1.0.0
2025-10-29 19:54:22.829+11:00 [DEBUG] Swarm::poll;
2025-10-29 19:54:22.829+11:00 [DEBUG] Connection::poll;
2025-10-29 19:54:22.829+11:00 [DEBUG] Dialer: Received confirmation for protocol: /libp2p/circuit/relay/0.2.0/hop
2025-10-29 19:54:22.829+11:00 [DEBUG] Pool::poll;
2025-10-29 19:54:22.829+11:00 [DEBUG] Identify behaviour event event=Sent { connection_id: ConnectionId(1), peer_id: PeerId("12D3KooWR2KSRQWyanR1dPvnZkXt296xgf3FFn8135szya3zYYwY") }
2025-10-29 19:54:22.829+11:00 [DEBUG] Swarm::poll;
2025-10-29 19:54:22.829+11:00 [DEBUG] Connection::poll;
2025-10-29 19:54:22.829+11:00 [DEBUG] Dialer: Received confirmation for protocol: /ipfs/ping/1.0.0
2025-10-29 19:54:22.829+11:00 [DEBUG] Pool::poll;
2025-10-29 19:54:22.829+11:00 [DEBUG] Dialer: Received confirmation for protocol: /ipfs/id/1.0.0
2025-10-29 19:54:22.829+11:00 [DEBUG] Swarm::poll;
2025-10-29 19:54:22.829+11:00 [DEBUG] Pool::poll;
2025-10-29 19:54:22.830+11:00 [DEBUG] Connection::poll;
2025-10-29 19:54:22.830+11:00 [DEBUG] Identify behaviour event event=Received { connection_id: ConnectionId(1), peer_id: PeerId("12D3KooWR2KSRQWyanR1dPvnZkXt296xgf3FFn8135szya3zYYwY"), info: Info { public_key: PublicKey { publickey: Ed25519(PublicKey(compressed): e1ef2fe6f211f7399a8a6a55fdc811ee92ec7f1ee125942da87ef659553499f) }, protocol_version: "/kaspa/relay/1.0.0", agent_version: "rust-libp2p/0.47.0", listen_addrs: [/ip4/10.0.0.150/tcp/4011, /ip4/192.168.107.0/tcp/4011, /ip4/192.168.97.0/udp/4011/quic-v1, /ip4/192.168.107.0/udp/4011/quic-v1, /ip4/192.168.215.0/udp/4011/quic-v1, /ip4/127.0.0.1/tcp/4011, /ip4/192.168.97.0/tcp/4011, /ip4/10.0.0.150/udp/4011/quic-v1, /ip4/192.168.215.0/tcp/4011, /ip4/192.168.139.3/udp/4011/quic-v1, /ip4/192.168.139.3/tcp/4011, /ip4/127.0.0.1/udp/4011/quic-v1], protocols: ["/ipfs/ping/1.0.0", "/ipfs/id/1.0.0", "/libp2p/circuit/relay/0.2.0/hop", "/ipfs/id/push/1.0.0"], observed_addr: /ip4/127.0.0.1/tcp/4100, signed_peer_record: None } }
2025-10-29 19:54:22.830+11:00 [DEBUG] Swarm::poll;
2025-10-29 19:54:22.830+11:00 [DEBUG] Swarm::poll;
2025-10-29 19:54:22.830+11:00 [DEBUG] Swarm::poll;
2025-10-29 19:54:22.830+11:00 [DEBUG] Swarm::poll;
2025-10-29 19:54:22.830+11:00 [DEBUG] Swarm::poll;
2025-10-29 19:54:22.830+11:00 [DEBUG] Swarm::poll;
2025-10-29 19:54:22.830+11:00 [DEBUG] Swarm::poll;
2025-10-29 19:54:22.830+11:00 [DEBUG] Connection::poll;
2025-10-29 19:54:22.830+11:00 [DEBUG] Swarm::poll;
2025-10-29 19:54:22.830+11:00 [DEBUG] Swarm::poll;
2025-10-29 19:54:22.830+11:00 [DEBUG] Swarm::poll;
2025-10-29 19:54:22.830+11:00 [DEBUG] Swarm::poll;
2025-10-29 19:54:22.830+11:00 [DEBUG] Swarm::poll;
2025-10-29 19:54:22.830+11:00 [DEBUG] Swarm::poll;
2025-10-29 19:54:22.830+11:00 [DEBUG] Swarm::poll;
2025-10-29 19:54:22.830+11:00 [DEBUG] Pool::poll;
2025-10-29 19:54:22.830+11:00 [DEBUG] Connection::poll;
2025-10-29 19:54:22.831+11:00 [DEBUG] Swarm::poll;
2025-10-29 19:54:22.831+11:00 [DEBUG] Pool::poll;
2025-10-29 19:54:22.831+11:00 [DEBUG] ping succeeded rtt=1.270875ms
2025-10-29 19:54:22.831+11:00 [DEBUG] Connection::poll;
2025-10-29 19:54:22.831+11:00 [DEBUG] Swarm::poll;
2025-10-29 19:54:22.831+11:00 [DEBUG] Pool::poll;
2025-10-29 19:54:22.831+11:00 [DEBUG] Swarm::poll;
2025-10-29 19:54:22.831+11:00 [DEBUG] Pool::poll;
2025-10-29 19:54:22.831+11:00 [DEBUG] Connection::poll;
2025-10-29 19:54:22.831+11:00 [DEBUG] Swarm::poll;
2025-10-29 19:54:22.831+11:00 [DEBUG] Connection::poll;
2025-10-29 19:54:22.831+11:00 [DEBUG] Connection::poll;
2025-10-29 19:54:22.831+11:00 [DEBUG] Pool::poll;
2025-10-29 19:54:22.831+11:00 [DEBUG] Swarm::poll;
2025-10-29 19:54:22.831+11:00 [DEBUG] Relay behaviour event event=ReservationReqAccepted { relay_peer_id: PeerId("12D3KooWR2KSRQWyanR1dPvnZkXt296xgf3FFn8135szya3zYYwY"), renewal: false, limit: Some(Limit { duration: Some(120s), data_in_bytes: Some(131072) }) }
2025-10-29 19:54:22.831+11:00 [DEBUG] Swarm::poll;
2025-10-29 19:54:22.831+11:00 [DEBUG] Pool::poll;
2025-10-29 19:54:22.831+11:00 [DEBUG] New listener address listener=ListenerId(2) address=/ip4/127.0.0.1/tcp/4011/p2p/12D3KooWR2KSRQWyanR1dPvnZkXt296xgf3FFn8135szya3zYYwY/p2p-circuit/p2p/12D3KooWGmakV4jeKDg5eqt7Cwah8w95cGgDEA2vPM1GcJFxyHXg
2025-10-29 19:54:22.831+11:00 [INFO ] Swarm listening address=/ip4/127.0.0.1/tcp/4011/p2p/12D3KooWR2KSRQWyanR1dPvnZkXt296xgf3FFn8135szya3zYYwY/p2p-circuit/p2p/12D3KooWGmakV4jeKDg5eqt7Cwah8w95cGgDEA2vPM1GcJFxyHXg
2025-10-29 19:54:22.831+11:00 [DEBUG] Swarm::poll;
2025-10-29 19:54:22.831+11:00 [DEBUG] Pool::poll;
2025-10-29 19:54:22.831+11:00 [DEBUG] Connection::poll;
2025-10-29 19:54:22.831+11:00 [DEBUG] Swarm::poll;
2025-10-29 19:54:22.831+11:00 [DEBUG] Pool::poll;
2025-10-29 19:54:22.832+11:00 [DEBUG] Relay listen request via /ip4/127.0.0.1/tcp/4011/p2p/12D3KooWR2KSRQWyanR1dPvnZkXt296xgf3FFn8135szya3zYYwY (relay 12D3KooWR2KSRQWyanR1dPvnZkXt296xgf3FFn8135szya3zYYwY); submitting /ip4/127.0.0.1/tcp/4011/p2p/12D3KooWR2KSRQWyanR1dPvnZkXt296xgf3FFn8135szya3zYYwY/p2p-circuit
command-tx[swarm-12D3KooWGmakV4jeKDg5eqt7Cwah8w95cGgDEA2vPM1GcJFxyHXg]: ++ (SwarmHandle::command_tx) -> 2
command-tx[swarm-12D3KooWGmakV4jeKDg5eqt7Cwah8w95cGgDEA2vPM1GcJFxyHXg]: -- (drop) -> 1
2025-10-29 19:54:22.832+11:00 [DEBUG] Swarm::poll;
2025-10-29 19:54:22.832+11:00 [DEBUG] Pool::poll;
2025-10-29 19:54:22.832+11:00 [DEBUG] Swarm::poll;
2025-10-29 19:54:22.832+11:00 [DEBUG] Pool::poll;
2025-10-29 19:54:22.832+11:00 [DEBUG] Swarm::poll;
2025-10-29 19:54:22.832+11:00 [DEBUG] Pool::poll;
2025-10-29 19:54:22.832+11:00 [DEBUG] Connection::poll;
2025-10-29 19:54:22.832+11:00 [DEBUG] 5d914dba: new outbound (Stream 5d914dba/7) of (Connection 5d914dba Client (streams 2))
2025-10-29 19:54:22.832+11:00 [DEBUG] Dialer: Proposed protocol: /libp2p/circuit/relay/0.2.0/hop
2025-10-29 19:54:22.832+11:00 [DEBUG] Connection::poll;
2025-10-29 19:54:22.832+11:00 [DEBUG] Connection::poll;
2025-10-29 19:54:22.832+11:00 [DEBUG] Connection::poll;
2025-10-29 19:54:22.832+11:00 [DEBUG] Dialer: Received confirmation for protocol: /libp2p/circuit/relay/0.2.0/hop
2025-10-29 19:54:22.833+11:00 [DEBUG] Connection::poll;
2025-10-29 19:54:22.833+11:00 [DEBUG] Connection::poll;
2025-10-29 19:54:22.833+11:00 [DEBUG] Connection::poll;
2025-10-29 19:54:22.833+11:00 [DEBUG] Connection::poll;
2025-10-29 19:54:22.833+11:00 [DEBUG] Swarm::poll;
2025-10-29 19:54:22.833+11:00 [DEBUG] Pool::poll;
2025-10-29 19:54:22.833+11:00 [DEBUG] Connection::poll;
2025-10-29 19:54:22.833+11:00 [DEBUG] Relay behaviour event event=ReservationReqAccepted { relay_peer_id: PeerId("12D3KooWR2KSRQWyanR1dPvnZkXt296xgf3FFn8135szya3zYYwY"), renewal: true, limit: Some(Limit { duration: Some(120s), data_in_bytes: Some(131072) }) }
2025-10-29 19:54:22.833+11:00 [DEBUG] Swarm::poll;
2025-10-29 19:54:22.833+11:00 [DEBUG] Pool::poll;
2025-10-29 19:54:22.833+11:00 [DEBUG] Listener closed listener=ListenerId(2) reason=Ok(())
2025-10-29 19:54:22.833+11:00 [DEBUG] Swarm::poll;
2025-10-29 19:54:22.833+11:00 [DEBUG] Pool::poll;
2025-10-29 19:54:22.833+11:00 [DEBUG] New listener address listener=ListenerId(3) address=/ip4/127.0.0.1/tcp/4011/p2p/12D3KooWR2KSRQWyanR1dPvnZkXt296xgf3FFn8135szya3zYYwY/p2p-circuit/p2p/12D3KooWGmakV4jeKDg5eqt7Cwah8w95cGgDEA2vPM1GcJFxyHXg
2025-10-29 19:54:22.833+11:00 [INFO ] Swarm listening address=/ip4/127.0.0.1/tcp/4011/p2p/12D3KooWR2KSRQWyanR1dPvnZkXt296xgf3FFn8135szya3zYYwY/p2p-circuit/p2p/12D3KooWGmakV4jeKDg5eqt7Cwah8w95cGgDEA2vPM1GcJFxyHXg
2025-10-29 19:54:22.833+11:00 [DEBUG] Swarm::poll;
2025-10-29 19:54:22.833+11:00 [DEBUG] Pool::poll;
2025-10-29 19:54:22.833+11:00 [DEBUG] Connection::poll;
2025-10-29 19:54:22.833+11:00 [DEBUG] Swarm::poll;
2025-10-29 19:54:22.833+11:00 [DEBUG] Pool::poll;
2025-10-29 19:54:22.834+11:00 [DEBUG] Relay reservation requested via /ip4/127.0.0.1/tcp/4011/p2p/12D3KooWR2KSRQWyanR1dPvnZkXt296xgf3FFn8135szya3zYYwY/p2p-circuit
2025-10-29 19:54:22.834+11:00 [DEBUG] libp2p server peer id: 12D3KooWGmakV4jeKDg5eqt7Cwah8w95cGgDEA2vPM1GcJFxyHXg
2025-10-29 19:54:22.834+11:00 [DEBUG] libp2p server feeding incoming streams into tonic
2025-10-29 19:54:22.834+11:00 [DEBUG] P2P, p2p_client::main - starting peer:0
2025-10-29 19:54:22.834+11:00 [DEBUG] connecting to [::1]:16111
2025-10-29 19:54:22.834+11:00 [DEBUG] P2P, connect retry #1 failed with error TonicError(tonic::transport::Error(Transport, ConnectError(ConnectError("tcp connect error", [::1]:16111, Os { code: 61, kind: ConnectionRefused, message: "Connection refused" })))), peer: "[::1]:16111"
2025-10-29 19:54:23.836+11:00 [DEBUG] connecting to [::1]:16111
2025-10-29 19:54:23.836+11:00 [DEBUG] P2P, connect retry #2 failed with error TonicError(tonic::transport::Error(Transport, ConnectError(ConnectError("tcp connect error", [::1]:16111, Os { code: 61, kind: ConnectionRefused, message: "Connection refused" })))), peer: "[::1]:16111"
2025-10-29 19:54:24.839+11:00 [DEBUG] connecting to [::1]:16111
2025-10-29 19:54:24.840+11:00 [DEBUG] P2P, connect retry #3 failed with error TonicError(tonic::transport::Error(Transport, ConnectError(ConnectError("tcp connect error", [::1]:16111, Os { code: 61, kind: ConnectionRefused, message: "Connection refused" })))), peer: "[::1]:16111"
2025-10-29 19:54:25.842+11:00 [DEBUG] connecting to [::1]:16111
2025-10-29 19:54:25.842+11:00 [DEBUG] P2P, connect retry #4 failed with error TonicError(tonic::transport::Error(Transport, ConnectError(ConnectError("tcp connect error", [::1]:16111, Os { code: 61, kind: ConnectionRefused, message: "Connection refused" })))), peer: "[::1]:16111"
2025-10-29 19:54:26.844+11:00 [DEBUG] connecting to [::1]:16111
2025-10-29 19:54:26.845+11:00 [DEBUG] P2P, connect retry #5 failed with error TonicError(tonic::transport::Error(Transport, ConnectError(ConnectError("tcp connect error", [::1]:16111, Os { code: 61, kind: ConnectionRefused, message: "Connection refused" })))), peer: "[::1]:16111"
2025-10-29 19:54:27.846+11:00 [DEBUG] connecting to [::1]:16111
2025-10-29 19:54:27.847+11:00 [DEBUG] P2P, connect retry #6 failed with error TonicError(tonic::transport::Error(Transport, ConnectError(ConnectError("tcp connect error", [::1]:16111, Os { code: 61, kind: ConnectionRefused, message: "Connection refused" })))), peer: "[::1]:16111"
2025-10-29 19:54:28.849+11:00 [DEBUG] connecting to [::1]:16111
2025-10-29 19:54:28.850+11:00 [DEBUG] P2P, connect retry #7 failed with error TonicError(tonic::transport::Error(Transport, ConnectError(ConnectError("tcp connect error", [::1]:16111, Os { code: 61, kind: ConnectionRefused, message: "Connection refused" })))), peer: "[::1]:16111"
2025-10-29 19:54:29.852+11:00 [DEBUG] connecting to [::1]:16111
2025-10-29 19:54:29.852+11:00 [DEBUG] P2P, connect retry #8 failed with error TonicError(tonic::transport::Error(Transport, ConnectError(ConnectError("tcp connect error", [::1]:16111, Os { code: 61, kind: ConnectionRefused, message: "Connection refused" })))), peer: "[::1]:16111"
2025-10-29 19:54:30.854+11:00 [DEBUG] connecting to [::1]:16111
2025-10-29 19:54:30.855+11:00 [DEBUG] P2P, connect retry #9 failed with error TonicError(tonic::transport::Error(Transport, ConnectError(ConnectError("tcp connect error", [::1]:16111, Os { code: 61, kind: ConnectionRefused, message: "Connection refused" })))), peer: "[::1]:16111"
2025-10-29 19:54:31.857+11:00 [DEBUG] connecting to [::1]:16111
2025-10-29 19:54:31.858+11:00 [DEBUG] P2P, connect retry #10 failed with error TonicError(tonic::transport::Error(Transport, ConnectError(ConnectError("tcp connect error", [::1]:16111, Os { code: 61, kind: ConnectionRefused, message: "Connection refused" })))), peer: "[::1]:16111"
2025-10-29 19:54:32.859+11:00 [DEBUG] connecting to [::1]:16111
2025-10-29 19:54:32.860+11:00 [DEBUG] P2P, connect retry #11 failed with error TonicError(tonic::transport::Error(Transport, ConnectError(ConnectError("tcp connect error", [::1]:16111, Os { code: 61, kind: ConnectionRefused, message: "Connection refused" })))), peer: "[::1]:16111"
2025-10-29 19:54:33.862+11:00 [DEBUG] connecting to [::1]:16111
2025-10-29 19:54:33.863+11:00 [DEBUG] P2P, connect retry #12 failed with error TonicError(tonic::transport::Error(Transport, ConnectError(ConnectError("tcp connect error", [::1]:16111, Os { code: 61, kind: ConnectionRefused, message: "Connection refused" })))), peer: "[::1]:16111"
2025-10-29 19:54:34.865+11:00 [DEBUG] connecting to [::1]:16111
2025-10-29 19:54:34.866+11:00 [DEBUG] P2P, connect retry #13 failed with error TonicError(tonic::transport::Error(Transport, ConnectError(ConnectError("tcp connect error", [::1]:16111, Os { code: 61, kind: ConnectionRefused, message: "Connection refused" })))), peer: "[::1]:16111"
2025-10-29 19:54:35.868+11:00 [DEBUG] connecting to [::1]:16111
2025-10-29 19:54:35.869+11:00 [DEBUG] P2P, connect retry #14 failed with error TonicError(tonic::transport::Error(Transport, ConnectError(ConnectError("tcp connect error", [::1]:16111, Os { code: 61, kind: ConnectionRefused, message: "Connection refused" })))), peer: "[::1]:16111"
2025-10-29 19:54:36.871+11:00 [DEBUG] connecting to [::1]:16111
2025-10-29 19:54:36.872+11:00 [DEBUG] P2P, connect retry #15 failed with error TonicError(tonic::transport::Error(Transport, ConnectError(ConnectError("tcp connect error", [::1]:16111, Os { code: 61, kind: ConnectionRefused, message: "Connection refused" })))), peer: "[::1]:16111"
2025-10-29 19:54:37.836+11:00 [DEBUG] Connection::poll;
2025-10-29 19:54:37.836+11:00 [DEBUG] Connection::poll;
2025-10-29 19:54:37.837+11:00 [DEBUG] Connection::poll;
2025-10-29 19:54:37.837+11:00 [DEBUG] Connection::poll;
2025-10-29 19:54:37.837+11:00 [DEBUG] Connection::poll;
2025-10-29 19:54:37.837+11:00 [DEBUG] ping succeeded rtt=1.429875ms
2025-10-29 19:54:37.838+11:00 [DEBUG] Connection::poll;
2025-10-29 19:54:37.838+11:00 [DEBUG] Swarm::poll;
2025-10-29 19:54:37.838+11:00 [DEBUG] Pool::poll;
2025-10-29 19:54:37.838+11:00 [DEBUG] Swarm::poll;
2025-10-29 19:54:37.838+11:00 [DEBUG] Pool::poll;
2025-10-29 19:54:37.838+11:00 [DEBUG] Swarm::poll;
2025-10-29 19:54:37.838+11:00 [DEBUG] Pool::poll;
2025-10-29 19:54:37.875+11:00 [DEBUG] connecting to [::1]:16111
2025-10-29 19:54:37.875+11:00 [DEBUG] P2P, connect retry #16 failed with error TonicError(tonic::transport::Error(Transport, ConnectError(ConnectError("tcp connect error", [::1]:16111, Os { code: 61, kind: ConnectionRefused, message: "Connection refused" })))), peer: "[::1]:16111"
2025-10-29 19:54:37.875+11:00 [DEBUG] P2P, Client connection retry #16 - all failed
2025-10-29 19:54:50.202+11:00 [DEBUG] Connection::poll;
2025-10-29 19:54:50.203+11:00 [DEBUG] Listener: confirming protocol: /libp2p/circuit/relay/0.2.0/stop
2025-10-29 19:54:50.203+11:00 [DEBUG] Listener: sent confirmed protocol: /libp2p/circuit/relay/0.2.0/stop
2025-10-29 19:54:50.203+11:00 [DEBUG] Connection::poll;
2025-10-29 19:54:50.203+11:00 [DEBUG] Connection::poll;
2025-10-29 19:54:50.204+11:00 [DEBUG] Connection::poll;
2025-10-29 19:54:50.204+11:00 [DEBUG] Connection::poll;
2025-10-29 19:54:50.204+11:00 [DEBUG] Swarm::poll;
2025-10-29 19:54:50.204+11:00 [DEBUG] Pool::poll;
2025-10-29 19:54:50.204+11:00 [DEBUG] Relay behaviour event event=InboundCircuitEstablished { src_peer_id: PeerId("12D3KooWPmQieKFEWztfSgarj6yeKxndqJLo5kwaBP7dQua8zZRU"), limit: Some(Limit { duration: Some(120s), data_in_bytes: Some(131072) }) }
2025-10-29 19:54:50.204+11:00 [DEBUG] Swarm::poll;
2025-10-29 19:54:50.204+11:00 [DEBUG] Pool::poll;
2025-10-29 19:54:50.204+11:00 [DEBUG] new_incoming_connection; remote_addr=/p2p/12D3KooWPmQieKFEWztfSgarj6yeKxndqJLo5kwaBP7dQua8zZRU id=2
2025-10-29 19:54:50.204+11:00 [DEBUG] Swarm::poll;
2025-10-29 19:54:50.204+11:00 [DEBUG] Pool::poll;
2025-10-29 19:54:50.204+11:00 [DEBUG] Swarm::poll;
2025-10-29 19:54:50.204+11:00 [DEBUG] Pool::poll;
2025-10-29 19:54:50.204+11:00 [DEBUG] Connection::poll;
2025-10-29 19:54:50.206+11:00 [DEBUG] Connection::poll;
2025-10-29 19:54:50.206+11:00 [DEBUG] Listener: confirming protocol: /noise
2025-10-29 19:54:50.206+11:00 [DEBUG] Listener: sent confirmed protocol: /noise
2025-10-29 19:54:50.208+11:00 [DEBUG] Connection::poll;
2025-10-29 19:54:50.211+11:00 [DEBUG] Connection::poll;
2025-10-29 19:54:50.212+11:00 [DEBUG] Connection::poll;
2025-10-29 19:54:50.212+11:00 [DEBUG] Listener: confirming protocol: /yamux/1.0.0
2025-10-29 19:54:50.212+11:00 [DEBUG] Listener: sent confirmed protocol: /yamux/1.0.0
2025-10-29 19:54:50.212+11:00 [DEBUG] new connection: e7093e9b (Server)
2025-10-29 19:54:50.212+11:00 [DEBUG] Swarm::poll;
2025-10-29 19:54:50.212+11:00 [DEBUG] Connection::poll;
2025-10-29 19:54:50.212+11:00 [DEBUG] Pool::poll;
2025-10-29 19:54:50.212+11:00 [DEBUG] Creating new channel pair peer=12D3KooWPmQieKFEWztfSgarj6yeKxndqJLo5kwaBP7dQua8zZRU connection=2
2025-10-29 19:54:50.212+11:00 [DEBUG] new_established_connection; remote_addr=/p2p/12D3KooWPmQieKFEWztfSgarj6yeKxndqJLo5kwaBP7dQua8zZRU id=2 peer=12D3KooWPmQieKFEWztfSgarj6yeKxndqJLo5kwaBP7dQua8zZRU
2025-10-29 19:54:50.212+11:00 [DEBUG] Connection established peer=12D3KooWPmQieKFEWztfSgarj6yeKxndqJLo5kwaBP7dQua8zZRU endpoint=Listener { local_addr: /ip4/127.0.0.1/tcp/4011/p2p/12D3KooWR2KSRQWyanR1dPvnZkXt296xgf3FFn8135szya3zYYwY/p2p-circuit, send_back_addr: /p2p/12D3KooWPmQieKFEWztfSgarj6yeKxndqJLo5kwaBP7dQua8zZRU } total_peers=1
2025-10-29 19:54:50.212+11:00 [DEBUG] Swarm connection established peer_id=12D3KooWPmQieKFEWztfSgarj6yeKxndqJLo5kwaBP7dQua8zZRU endpoint=Listener { local_addr: /ip4/127.0.0.1/tcp/4011/p2p/12D3KooWR2KSRQWyanR1dPvnZkXt296xgf3FFn8135szya3zYYwY/p2p-circuit, send_back_addr: /p2p/12D3KooWPmQieKFEWztfSgarj6yeKxndqJLo5kwaBP7dQua8zZRU }
2025-10-29 19:54:50.212+11:00 [DEBUG] Swarm::poll;
2025-10-29 19:54:50.212+11:00 [DEBUG] Pool::poll;
2025-10-29 19:54:50.212+11:00 [DEBUG] Connection::poll;
2025-10-29 19:54:50.212+11:00 [DEBUG] e7093e9b: new outbound (Stream e7093e9b/2) of (Connection e7093e9b Server (streams 1))
2025-10-29 19:54:50.212+11:00 [DEBUG] Dialer: Proposed protocol: /libp2p/dcutr
2025-10-29 19:54:50.212+11:00 [DEBUG] Connection::poll;
2025-10-29 19:54:50.213+11:00 [DEBUG] e7093e9b: new outbound (Stream e7093e9b/4) of (Connection e7093e9b Server (streams 3))
2025-10-29 19:54:50.213+11:00 [DEBUG] Dialer: Proposed protocol: /ipfs/ping/1.0.0
2025-10-29 19:54:50.213+11:00 [DEBUG] e7093e9b: new outbound (Stream e7093e9b/6) of (Connection e7093e9b Server (streams 5))
2025-10-29 19:54:50.213+11:00 [DEBUG] Connection::poll;
2025-10-29 19:54:50.213+11:00 [DEBUG] Dialer: Proposed protocol: /ipfs/id/1.0.0
2025-10-29 19:54:50.213+11:00 [DEBUG] Connection::poll;
2025-10-29 19:54:50.213+11:00 [DEBUG] Listener: confirming protocol: /kaspa/p2p/bridge/1.0
2025-10-29 19:54:50.213+11:00 [DEBUG] Listener: sent confirmed protocol: /kaspa/p2p/bridge/1.0
2025-10-29 19:54:50.213+11:00 [DEBUG] Listener: confirming protocol: /ipfs/ping/1.0.0
2025-10-29 19:54:50.213+11:00 [DEBUG] Listener: sent confirmed protocol: /ipfs/ping/1.0.0
2025-10-29 19:54:50.213+11:00 [DEBUG] Connection::poll;
2025-10-29 19:54:50.213+11:00 [DEBUG] Listener: confirming protocol: /ipfs/id/1.0.0
2025-10-29 19:54:50.213+11:00 [DEBUG] Listener: sent confirmed protocol: /ipfs/id/1.0.0
2025-10-29 19:54:50.213+11:00 [DEBUG] Swarm::poll;
2025-10-29 19:54:50.213+11:00 [DEBUG] Connection::poll;
2025-10-29 19:54:50.213+11:00 [DEBUG] Connection::poll;
2025-10-29 19:54:50.213+11:00 [DEBUG] Connection::poll;
2025-10-29 19:54:50.213+11:00 [DEBUG] Pool::poll;
2025-10-29 19:54:50.213+11:00 [DEBUG] Identify behaviour event event=Sent { connection_id: ConnectionId(2), peer_id: PeerId("12D3KooWPmQieKFEWztfSgarj6yeKxndqJLo5kwaBP7dQua8zZRU") }
2025-10-29 19:54:50.213+11:00 [DEBUG] Swarm::poll;
2025-10-29 19:54:50.213+11:00 [DEBUG] Connection::poll;
2025-10-29 19:54:50.214+11:00 [DEBUG] Pool::poll;
2025-10-29 19:54:50.214+11:00 [DEBUG] Connection::poll;
2025-10-29 19:54:50.214+11:00 [DEBUG] Swarm::poll;
2025-10-29 19:54:50.214+11:00 [DEBUG] Connection::poll;
2025-10-29 19:54:50.214+11:00 [DEBUG] Dialer: Received confirmation for protocol: /libp2p/dcutr
2025-10-29 19:54:50.214+11:00 [DEBUG] Pool::poll;
2025-10-29 19:54:50.214+11:00 [DEBUG] Dialer: Received confirmation for protocol: /ipfs/ping/1.0.0
2025-10-29 19:54:50.214+11:00 [DEBUG] Connection::poll;
2025-10-29 19:54:50.214+11:00 [DEBUG] Connection::poll;
2025-10-29 19:54:50.214+11:00 [DEBUG] send frame=Settings { flags: (0x0), initial_window_size: 8388608, max_frame_size: 1048576, max_header_list_size: 65536 }
2025-10-29 19:54:50.214+11:00 [DEBUG] Connection::poll;
2025-10-29 19:54:50.214+11:00 [DEBUG] Connection::poll;
2025-10-29 19:54:50.214+11:00 [DEBUG] Connection::poll;
2025-10-29 19:54:50.214+11:00 [DEBUG] Dialer: Received confirmation for protocol: /ipfs/id/1.0.0
2025-10-29 19:54:50.214+11:00 [DEBUG] Connection::poll;
2025-10-29 19:54:50.214+11:00 [DEBUG] Swarm::poll;
2025-10-29 19:54:50.215+11:00 [DEBUG] Pool::poll;
2025-10-29 19:54:50.215+11:00 [DEBUG] Connection::poll;
2025-10-29 19:54:50.215+11:00 [DEBUG] Identify behaviour event event=Received { connection_id: ConnectionId(2), peer_id: PeerId("12D3KooWPmQieKFEWztfSgarj6yeKxndqJLo5kwaBP7dQua8zZRU"), info: Info { public_key: PublicKey { publickey: Ed25519(PublicKey(compressed): cf41c212d9ae447853e1b786b60b5755f5912791ade93ecea668b9edd083) }, protocol_version: "/kaspa/0.1.0", agent_version: "rust-libp2p/0.47.0", listen_addrs: [], protocols: ["/ipfs/ping/1.0.0", "/libp2p/dcutr", "/ipfs/id/1.0.0", "/ipfs/id/push/1.0.0", "/kaspa/p2p/bridge/1.0"], observed_addr: /ip4/127.0.0.1/tcp/4011/p2p/12D3KooWR2KSRQWyanR1dPvnZkXt296xgf3FFn8135szya3zYYwY/p2p-circuit, signed_peer_record: None } }
2025-10-29 19:54:50.215+11:00 [DEBUG] Swarm::poll;
2025-10-29 19:54:50.215+11:00 [DEBUG] Swarm::poll;
2025-10-29 19:54:50.215+11:00 [DEBUG] Pool::poll;
2025-10-29 19:54:50.215+11:00 [DEBUG] Connection::poll;
2025-10-29 19:54:50.215+11:00 [DEBUG] Connection::poll;
2025-10-29 19:54:50.215+11:00 [DEBUG] Connection::poll;
2025-10-29 19:54:50.215+11:00 [DEBUG] Connection::poll;
2025-10-29 19:54:50.215+11:00 [DEBUG] ping succeeded rtt=1.445667ms
2025-10-29 19:54:50.215+11:00 [DEBUG] Connection::poll;
2025-10-29 19:54:50.215+11:00 [DEBUG] Connection; peer=Server
2025-10-29 19:54:50.215+11:00 [DEBUG] Connection::poll;
2025-10-29 19:54:50.215+11:00 [DEBUG] Swarm::poll;
2025-10-29 19:54:50.215+11:00 [DEBUG] Pool::poll;
2025-10-29 19:54:50.215+11:00 [DEBUG] Swarm::poll;
2025-10-29 19:54:50.215+11:00 [DEBUG] Pool::poll;
2025-10-29 19:54:50.215+11:00 [DEBUG] Connection::poll;
2025-10-29 19:54:50.216+11:00 [DEBUG] send frame=WindowUpdate { stream_id: StreamId(0), size_increment: 16711681 }
2025-10-29 19:54:50.216+11:00 [DEBUG] Connection::poll;
2025-10-29 19:54:50.216+11:00 [DEBUG] Connection::poll;
2025-10-29 19:54:50.216+11:00 [DEBUG] Connection::poll;
2025-10-29 19:54:50.216+11:00 [DEBUG] Connection::poll;
2025-10-29 19:54:50.216+11:00 [DEBUG] Connection::poll;
2025-10-29 19:54:50.216+11:00 [DEBUG] received frame=Settings { flags: (0x0), enable_push: 0, initial_window_size: 8388608, max_frame_size: 1048576, max_header_list_size: 65536 }
2025-10-29 19:54:50.216+11:00 [DEBUG] send frame=Settings { flags: (0x1: ACK) }
2025-10-29 19:54:50.217+11:00 [DEBUG] received frame=Settings { flags: (0x1: ACK) }
2025-10-29 19:54:50.217+11:00 [DEBUG] received settings ACK; applying Settings { flags: (0x0), initial_window_size: 8388608, max_frame_size: 1048576, max_header_list_size: 65536 }
2025-10-29 19:54:50.217+11:00 [DEBUG] Connection::poll;
2025-10-29 19:54:50.217+11:00 [DEBUG] Connection::poll;
2025-10-29 19:54:50.217+11:00 [DEBUG] Swarm::poll;
2025-10-29 19:54:50.217+11:00 [DEBUG] received frame=WindowUpdate { stream_id: StreamId(0), size_increment: 16711681 }
2025-10-29 19:54:50.217+11:00 [DEBUG] Pool::poll;
2025-10-29 19:54:50.217+11:00 [DEBUG] Connection::poll;
2025-10-29 19:54:50.217+11:00 [DEBUG] Attempting to hole-punch as listener target=12D3KooWPmQieKFEWztfSgarj6yeKxndqJLo5kwaBP7dQua8zZRU addresses=[/ip4/127.0.0.1/tcp/61126/p2p/12D3KooWPmQieKFEWztfSgarj6yeKxndqJLo5kwaBP7dQua8zZRU]
2025-10-29 19:54:50.217+11:00 [DEBUG] Failed to dial using libp2p_core::transport::map::Map<libp2p_core::transport::upgrade::Multiplexed<libp2p_core::transport::and_then::AndThen<libp2p_core::transport::and_then::AndThen<libp2p_tcp::Transport<libp2p_tcp::provider::tokio::Tcp>, libp2p_core::transport::upgrade::Builder<libp2p_tcp::Transport<libp2p_tcp::provider::tokio::Tcp>>::authenticate<libp2p_tcp::provider::tokio::TcpStream, libp2p_noise::io::Output<multistream_select::negotiated::Negotiated<libp2p_tcp::provider::tokio::TcpStream>>, libp2p_noise::Config, libp2p_noise::Error>::{{closure}}>, libp2p_core::transport::upgrade::Authenticated<libp2p_core::transport::and_then::AndThen<libp2p_tcp::Transport<libp2p_tcp::provider::tokio::Tcp>, libp2p_core::transport::upgrade::Builder<libp2p_tcp::Transport<libp2p_tcp::provider::tokio::Tcp>>::authenticate<libp2p_tcp::provider::tokio::TcpStream, libp2p_noise::io::Output<multistream_select::negotiated::Negotiated<libp2p_tcp::provider::tokio::TcpStream>>, libp2p_noise::Config, libp2p_noise::Error>::{{closure}}>>::multiplex<libp2p_noise::io::Output<multistream_select::negotiated::Negotiated<libp2p_tcp::provider::tokio::TcpStream>>, libp2p_yamux::Muxer<multistream_select::negotiated::Negotiated<libp2p_noise::io::Output<multistream_select::negotiated::Negotiated<libp2p_tcp::provider::tokio::TcpStream>>>>, libp2p_yamux::Config, std::io::error::Error>::{{closure}}>>, libp2p::builder::phase::tcp::<impl libp2p::builder::SwarmBuilder<libp2p::builder::phase::provider::Tokio, libp2p::builder::phase::tcp::TcpPhase>>::with_tcp<libp2p_noise::Config::new, libp2p_noise::io::Output<multistream_select::negotiated::Negotiated<libp2p_tcp::provider::tokio::TcpStream>>, libp2p_noise::Error, hole_punch_bridge::swarm::build_swarm::{{closure}}, libp2p_yamux::Muxer<multistream_select::negotiated::Negotiated<libp2p_noise::io::Output<multistream_select::negotiated::Negotiated<libp2p_tcp::provider::tokio::TcpStream>>>>, std::io::error::Error>::{{closure}}> address=/ip4/127.0.0.1/tcp/61126/p2p/12D3KooWPmQieKFEWztfSgarj6yeKxndqJLo5kwaBP7dQua8zZRU
2025-10-29 19:54:50.217+11:00 [DEBUG] dialing address address=127.0.0.1:61126
2025-10-29 19:54:50.217+11:00 [DEBUG] Transport::dial; address=/ip4/127.0.0.1/tcp/61126/p2p/12D3KooWPmQieKFEWztfSgarj6yeKxndqJLo5kwaBP7dQua8zZRU
2025-10-29 19:54:50.217+11:00 [DEBUG] new_outgoing_connection; concurrency_factor=8 num_dials=1 id=3
2025-10-29 19:54:50.217+11:00 [DEBUG] Swarm::poll;
2025-10-29 19:54:50.217+11:00 [DEBUG] Pool::poll;
2025-10-29 19:54:50.217+11:00 [DEBUG] Connection::poll;
2025-10-29 19:54:50.217+11:00 [DEBUG] Connection::poll;
2025-10-29 19:54:50.217+11:00 [DEBUG] Swarm::poll;
2025-10-29 19:54:50.217+11:00 [DEBUG] Pool::poll;
2025-10-29 19:54:50.217+11:00 [DEBUG] Connection attempt to peer failed with Transport([(/ip4/127.0.0.1/tcp/61126/p2p/12D3KooWPmQieKFEWztfSgarj6yeKxndqJLo5kwaBP7dQua8zZRU, Other(Custom { kind: Other, error: Other(Right(Left(Left(Os { code: 61, kind: ConnectionRefused, message: "Connection refused" })))) }))]). peer=12D3KooWPmQieKFEWztfSgarj6yeKxndqJLo5kwaBP7dQua8zZRU
2025-10-29 19:54:50.217+11:00 [DEBUG] Outgoing connection error peer_id=Some(PeerId("12D3KooWPmQieKFEWztfSgarj6yeKxndqJLo5kwaBP7dQua8zZRU")) error=Failed to negotiate transport protocol(s): [(/ip4/127.0.0.1/tcp/61126/p2p/12D3KooWPmQieKFEWztfSgarj6yeKxndqJLo5kwaBP7dQua8zZRU: : Connection refused (os error 61): Connection refused (os error 61))]
2025-10-29 19:54:50.217+11:00 [DEBUG] Swarm::poll;
2025-10-29 19:54:50.218+11:00 [DEBUG] received frame=Headers { stream_id: StreamId(1), flags: (0x4: END_HEADERS) }
2025-10-29 19:54:50.218+11:00 [DEBUG] Pool::poll;
2025-10-29 19:54:50.218+11:00 [DEBUG] Incoming connection from remote at local remote_address=/ip4/127.0.0.1/tcp/61127 local_address=/ip4/127.0.0.1/tcp/4100
2025-10-29 19:54:50.218+11:00 [DEBUG] new_incoming_connection; remote_addr=/ip4/127.0.0.1/tcp/61127 id=4
2025-10-29 19:54:50.218+11:00 [DEBUG] Swarm::poll;
2025-10-29 19:54:50.218+11:00 [DEBUG] Pool::poll;
2025-10-29 19:54:50.218+11:00 [DEBUG] Connection::poll;
2025-10-29 19:54:50.218+11:00 [DEBUG] e7093e9b: new outbound (Stream e7093e9b/8) of (Connection e7093e9b Server (streams 3))
2025-10-29 19:54:50.218+11:00 [DEBUG] Dialer: Proposed protocol: /libp2p/dcutr
2025-10-29 19:54:50.218+11:00 [DEBUG] Connection::poll;
2025-10-29 19:54:50.218+11:00 [DEBUG] Swarm::poll;
2025-10-29 19:54:50.218+11:00 [DEBUG] Pool::poll;
2025-10-29 19:54:50.218+11:00 [DEBUG] Connection::poll;
2025-10-29 19:54:50.218+11:00 [DEBUG] P2P, synthesized remote address for libp2p inbound: [fd00::d17:9e64:e34:27b2]:36404
2025-10-29 19:54:50.218+11:00 [DEBUG] P2P, accepting incoming libp2p stream: peer=12D3KooWPmQieKFEWztfSgarj6yeKxndqJLo5kwaBP7dQua8zZRU
2025-10-29 19:54:50.218+11:00 [DEBUG] Listener: confirming protocol: /noise
2025-10-29 19:54:50.218+11:00 [DEBUG] Listener: sent confirmed protocol: /noise
2025-10-29 19:54:50.218+11:00 [DEBUG] send frame=Headers { stream_id: StreamId(1), flags: (0x4: END_HEADERS) }
2025-10-29 19:54:50.218+11:00 [DEBUG] Connection::poll;
2025-10-29 19:54:50.218+11:00 [DEBUG] Connection::poll;
2025-10-29 19:54:50.218+11:00 [DEBUG] starting send version flow
2025-10-29 19:54:50.218+11:00 [DEBUG] sending version message: VersionMessage { protocol_version: 5, services: 0, timestamp: 1761728090218, address: None, id: [150, 11, 92, 183, 226, 69, 69, 212, 189, 90, 2, 145, 120, 207, 217, 53], user_agent: "", disable_relay_tx: false, subnetwork_id: None, network: "kaspa-mainnet" }
2025-10-29 19:54:50.219+11:00 [DEBUG] starting receive version flow
2025-10-29 19:54:50.219+11:00 [DEBUG] Connection::poll;
2025-10-29 19:54:50.219+11:00 [DEBUG] Connection::poll;
2025-10-29 19:54:50.219+11:00 [DEBUG] Connection::poll;
2025-10-29 19:54:50.219+11:00 [DEBUG] Dialer: Received confirmation for protocol: /libp2p/dcutr
2025-10-29 19:54:50.219+11:00 [DEBUG] Connection::poll;
2025-10-29 19:54:50.219+11:00 [DEBUG] Connection::poll;
2025-10-29 19:54:50.219+11:00 [DEBUG] send frame=Data { stream_id: StreamId(1) }
2025-10-29 19:54:50.219+11:00 [DEBUG] Connection::poll;
2025-10-29 19:54:50.219+11:00 [DEBUG] Connection::poll;
2025-10-29 19:54:50.220+11:00 [DEBUG] Connection::poll;
2025-10-29 19:54:50.220+11:00 [DEBUG] Connection::poll;
2025-10-29 19:54:50.220+11:00 [DEBUG] Connection::poll;
2025-10-29 19:54:50.220+11:00 [DEBUG] Connection::poll;
2025-10-29 19:54:50.220+11:00 [DEBUG] Connection::poll;
2025-10-29 19:54:50.220+11:00 [DEBUG] Connection::poll;
2025-10-29 19:54:50.220+11:00 [DEBUG] Connection::poll;
2025-10-29 19:54:50.220+11:00 [DEBUG] received frame=Data { stream_id: StreamId(1) }
2025-10-29 19:54:50.223+11:00 [DEBUG] accepted version message: VersionMessage { protocol_version: 5, services: 0, timestamp: 1761728090219, address: None, id: [69, 217, 173, 119, 87, 175, 71, 66, 134, 25, 4, 202, 199, 47, 1, 159], user_agent: "", disable_relay_tx: false, subnetwork_id: None, network: "kaspa-mainnet" }
2025-10-29 19:54:50.224+11:00 [DEBUG] send frame=Data { stream_id: StreamId(1) }
2025-10-29 19:54:50.224+11:00 [DEBUG] Connection::poll;
2025-10-29 19:54:50.224+11:00 [DEBUG] Connection::poll;
2025-10-29 19:54:50.226+11:00 [DEBUG] Connection::poll;
2025-10-29 19:54:50.227+11:00 [DEBUG] Connection::poll;
2025-10-29 19:54:50.228+11:00 [DEBUG] Swarm::poll;
2025-10-29 19:54:50.228+11:00 [DEBUG] Pool::poll;
2025-10-29 19:54:50.228+11:00 [DEBUG] Attempting to hole-punch as listener target=12D3KooWPmQieKFEWztfSgarj6yeKxndqJLo5kwaBP7dQua8zZRU addresses=[/ip4/127.0.0.1/tcp/61126/p2p/12D3KooWPmQieKFEWztfSgarj6yeKxndqJLo5kwaBP7dQua8zZRU]
2025-10-29 19:54:50.229+11:00 [DEBUG] Failed to dial using libp2p_core::transport::map::Map<libp2p_core::transport::upgrade::Multiplexed<libp2p_core::transport::and_then::AndThen<libp2p_core::transport::and_then::AndThen<libp2p_tcp::Transport<libp2p_tcp::provider::tokio::Tcp>, libp2p_core::transport::upgrade::Builder<libp2p_tcp::Transport<libp2p_tcp::provider::tokio::Tcp>>::authenticate<libp2p_tcp::provider::tokio::TcpStream, libp2p_noise::io::Output<multistream_select::negotiated::Negotiated<libp2p_tcp::provider::tokio::TcpStream>>, libp2p_noise::Config, libp2p_noise::Error>::{{closure}}>, libp2p_core::transport::upgrade::Authenticated<libp2p_core::transport::and_then::AndThen<libp2p_tcp::Transport<libp2p_tcp::provider::tokio::Tcp>, libp2p_core::transport::upgrade::Builder<libp2p_tcp::Transport<libp2p_tcp::provider::tokio::Tcp>>::authenticate<libp2p_tcp::provider::tokio::TcpStream, libp2p_noise::io::Output<multistream_select::negotiated::Negotiated<libp2p_tcp::provider::tokio::TcpStream>>, libp2p_noise::Config, libp2p_noise::Error>::{{closure}}>>::multiplex<libp2p_noise::io::Output<multistream_select::negotiated::Negotiated<libp2p_tcp::provider::tokio::TcpStream>>, libp2p_yamux::Muxer<multistream_select::negotiated::Negotiated<libp2p_noise::io::Output<multistream_select::negotiated::Negotiated<libp2p_tcp::provider::tokio::TcpStream>>>>, libp2p_yamux::Config, std::io::error::Error>::{{closure}}>>, libp2p::builder::phase::tcp::<impl libp2p::builder::SwarmBuilder<libp2p::builder::phase::provider::Tokio, libp2p::builder::phase::tcp::TcpPhase>>::with_tcp<libp2p_noise::Config::new, libp2p_noise::io::Output<multistream_select::negotiated::Negotiated<libp2p_tcp::provider::tokio::TcpStream>>, libp2p_noise::Error, hole_punch_bridge::swarm::build_swarm::{{closure}}, libp2p_yamux::Muxer<multistream_select::negotiated::Negotiated<libp2p_noise::io::Output<multistream_select::negotiated::Negotiated<libp2p_tcp::provider::tokio::TcpStream>>>>, std::io::error::Error>::{{closure}}> address=/ip4/127.0.0.1/tcp/61126/p2p/12D3KooWPmQieKFEWztfSgarj6yeKxndqJLo5kwaBP7dQua8zZRU
2025-10-29 19:54:50.229+11:00 [DEBUG] dialing address address=127.0.0.1:61126
2025-10-29 19:54:50.229+11:00 [DEBUG] Connection::poll;
2025-10-29 19:54:50.229+11:00 [DEBUG] Transport::dial; address=/ip4/127.0.0.1/tcp/61126/p2p/12D3KooWPmQieKFEWztfSgarj6yeKxndqJLo5kwaBP7dQua8zZRU
2025-10-29 19:54:50.229+11:00 [DEBUG] new_outgoing_connection; concurrency_factor=8 num_dials=1 id=5
2025-10-29 19:54:50.229+11:00 [DEBUG] Swarm::poll;
2025-10-29 19:54:50.229+11:00 [DEBUG] Pool::poll;
2025-10-29 19:54:50.229+11:00 [DEBUG] Connection::poll;
2025-10-29 19:54:50.229+11:00 [DEBUG] received frame=Data { stream_id: StreamId(1) }
2025-10-29 19:54:50.230+11:00 [DEBUG] Connection::poll;
2025-10-29 19:54:50.230+11:00 [DEBUG] accepted verack_message: VerackMessage
2025-10-29 19:54:50.230+11:00 [DEBUG] protocol versions - self: 5, peer: 5
2025-10-29 19:54:50.230+11:00 [DEBUG] Swarm::poll;
2025-10-29 19:54:50.273+11:00 [DEBUG] Pool::poll;
2025-10-29 19:54:50.275+11:00 [DEBUG] Connection attempt to peer failed with Transport([(/ip4/127.0.0.1/tcp/61126/p2p/12D3KooWPmQieKFEWztfSgarj6yeKxndqJLo5kwaBP7dQua8zZRU, Other(Custom { kind: Other, error: Other(Right(Left(Left(Os { code: 61, kind: ConnectionRefused, message: "Connection refused" })))) }))]). peer=12D3KooWPmQieKFEWztfSgarj6yeKxndqJLo5kwaBP7dQua8zZRU
2025-10-29 19:54:50.275+11:00 [DEBUG] Outgoing connection error peer_id=Some(PeerId("12D3KooWPmQieKFEWztfSgarj6yeKxndqJLo5kwaBP7dQua8zZRU")) error=Failed to negotiate transport protocol(s): [(/ip4/127.0.0.1/tcp/61126/p2p/12D3KooWPmQieKFEWztfSgarj6yeKxndqJLo5kwaBP7dQua8zZRU: : Connection refused (os error 61): Connection refused (os error 61))]
2025-10-29 19:54:50.275+11:00 [DEBUG] Swarm::poll;
2025-10-29 19:54:50.276+11:00 [DEBUG] Pool::poll;
2025-10-29 19:54:50.277+11:00 [DEBUG] Connection::poll;
2025-10-29 19:54:50.282+11:00 [DEBUG] e7093e9b: new outbound (Stream e7093e9b/10) of (Connection e7093e9b Server (streams 3))
2025-10-29 19:54:50.282+11:00 [DEBUG] Dialer: Proposed protocol: /libp2p/dcutr
2025-10-29 19:54:50.283+11:00 [DEBUG] Connection::poll;
2025-10-29 19:54:50.283+11:00 [DEBUG] EchoFlow, start app-layer receiving loop
2025-10-29 19:54:50.283+11:00 [DEBUG] starting ready flow
2025-10-29 19:54:50.284+11:00 [DEBUG] EchoFlow, start message dispatching loop
2025-10-29 19:54:50.284+11:00 [DEBUG] send frame=Data { stream_id: StreamId(1) }
2025-10-29 19:54:50.285+11:00 [DEBUG] Listener: confirming protocol: /yamux/1.0.0
2025-10-29 19:54:50.285+11:00 [DEBUG] Listener: sent confirmed protocol: /yamux/1.0.0
2025-10-29 19:54:50.285+11:00 [DEBUG] new connection: e9d50a0b (Server)
2025-10-29 19:54:50.285+11:00 [DEBUG] Swarm::poll;
2025-10-29 19:54:50.285+11:00 [DEBUG] Pool::poll;
2025-10-29 19:54:50.285+11:00 [DEBUG] Connection::poll;
2025-10-29 19:54:50.285+11:00 [DEBUG] Creating new channel pair peer=12D3KooWPmQieKFEWztfSgarj6yeKxndqJLo5kwaBP7dQua8zZRU connection=4
2025-10-29 19:54:50.285+11:00 [DEBUG] new_established_connection; remote_addr=/ip4/127.0.0.1/tcp/61127 id=4 peer=12D3KooWPmQieKFEWztfSgarj6yeKxndqJLo5kwaBP7dQua8zZRU
2025-10-29 19:54:50.285+11:00 [DEBUG] Connection established peer=12D3KooWPmQieKFEWztfSgarj6yeKxndqJLo5kwaBP7dQua8zZRU endpoint=Listener { local_addr: /ip4/127.0.0.1/tcp/4100, send_back_addr: /ip4/127.0.0.1/tcp/61127 } total_peers=2
2025-10-29 19:54:50.285+11:00 [DEBUG] Swarm connection established peer_id=12D3KooWPmQieKFEWztfSgarj6yeKxndqJLo5kwaBP7dQua8zZRU endpoint=Listener { local_addr: /ip4/127.0.0.1/tcp/4100, send_back_addr: /ip4/127.0.0.1/tcp/61127 }
2025-10-29 19:54:50.286+11:00 [DEBUG] Swarm::poll;
2025-10-29 19:54:50.286+11:00 [DEBUG] Pool::poll;
2025-10-29 19:54:50.286+11:00 [DEBUG] Connection::poll;
2025-10-29 19:54:50.286+11:00 [DEBUG] e9d50a0b: new outbound (Stream e9d50a0b/2) of (Connection e9d50a0b Server (streams 1))
2025-10-29 19:54:50.286+11:00 [DEBUG] Dialer: Proposed protocol: /ipfs/ping/1.0.0
2025-10-29 19:54:50.286+11:00 [DEBUG] e9d50a0b: new outbound (Stream e9d50a0b/4) of (Connection e9d50a0b Server (streams 3))
2025-10-29 19:54:50.286+11:00 [DEBUG] Dialer: Proposed protocol: /ipfs/id/1.0.0
2025-10-29 19:54:50.286+11:00 [DEBUG] Listener: confirming protocol: /ipfs/ping/1.0.0
2025-10-29 19:54:50.286+11:00 [DEBUG] Listener: sent confirmed protocol: /ipfs/ping/1.0.0
2025-10-29 19:54:50.286+11:00 [DEBUG] Listener: confirming protocol: /ipfs/id/1.0.0
2025-10-29 19:54:50.286+11:00 [DEBUG] Listener: sent confirmed protocol: /ipfs/id/1.0.0
2025-10-29 19:54:50.286+11:00 [DEBUG] Connection::poll;
2025-10-29 19:54:50.286+11:00 [DEBUG] Swarm::poll;
2025-10-29 19:54:50.286+11:00 [DEBUG] Pool::poll;
2025-10-29 19:54:50.286+11:00 [DEBUG] Identify behaviour event event=Sent { connection_id: ConnectionId(4), peer_id: PeerId("12D3KooWPmQieKFEWztfSgarj6yeKxndqJLo5kwaBP7dQua8zZRU") }
2025-10-29 19:54:50.286+11:00 [DEBUG] Swarm::poll;
2025-10-29 19:54:50.286+11:00 [DEBUG] Pool::poll;
2025-10-29 19:54:50.286+11:00 [DEBUG] Connection::poll;
2025-10-29 19:54:50.286+11:00 [DEBUG] Swarm::poll;
2025-10-29 19:54:50.286+11:00 [DEBUG] Pool::poll;
2025-10-29 19:54:50.286+11:00 [DEBUG] Incoming connection from remote at local remote_address=/ip4/127.0.0.1/tcp/61128 local_address=/ip4/127.0.0.1/tcp/4100
2025-10-29 19:54:50.287+11:00 [DEBUG] new_incoming_connection; remote_addr=/ip4/127.0.0.1/tcp/61128 id=6
2025-10-29 19:54:50.287+11:00 [DEBUG] Swarm::poll;
2025-10-29 19:54:50.287+11:00 [DEBUG] Pool::poll;
2025-10-29 19:54:50.287+11:00 [DEBUG] Swarm::poll;
2025-10-29 19:54:50.287+11:00 [DEBUG] Pool::poll;
2025-10-29 19:54:50.287+11:00 [DEBUG] Connection::poll;
2025-10-29 19:54:50.287+11:00 [DEBUG] Connection::poll;
2025-10-29 19:54:50.287+11:00 [DEBUG] Connection::poll;
2025-10-29 19:54:50.288+11:00 [DEBUG] Connection::poll;
2025-10-29 19:54:50.288+11:00 [DEBUG] received frame=Data { stream_id: StreamId(1) }
2025-10-29 19:54:50.288+11:00 [DEBUG] Connection::poll;
2025-10-29 19:54:50.288+11:00 [DEBUG] Listener: confirming protocol: /noise
2025-10-29 19:54:50.288+11:00 [DEBUG] Listener: sent confirmed protocol: /noise
2025-10-29 19:54:50.288+11:00 [DEBUG] Dialer: Received confirmation for protocol: /libp2p/dcutr
2025-10-29 19:54:50.289+11:00 [DEBUG] Connection::poll;
2025-10-29 19:54:50.289+11:00 [DEBUG] Connection::poll;
2025-10-29 19:54:50.289+11:00 [DEBUG] Connection::poll;
2025-10-29 19:54:50.289+11:00 [DEBUG] Connection::poll;
2025-10-29 19:54:50.289+11:00 [DEBUG] accepted ready message: ReadyMessage
2025-10-29 19:54:50.289+11:00 [INFO ] P2P Connected to incoming peer [fd00::d17:9e64:e34:27b2]:36404 (peer=12D3KooWPmQieKFEWztfSgarj6yeKxndqJLo5kwaBP7dQua8zZRU) (inbound: 1)
2025-10-29 19:54:50.290+11:00 [DEBUG] send frame=Settings { flags: (0x0), initial_window_size: 8388608, max_frame_size: 1048576, max_header_list_size: 65536 }
2025-10-29 19:54:50.290+11:00 [DEBUG] Connection::poll;
2025-10-29 19:54:50.290+11:00 [DEBUG] Connection::poll;
2025-10-29 19:54:50.290+11:00 [DEBUG] Dialer: Received confirmation for protocol: /ipfs/ping/1.0.0
2025-10-29 19:54:50.290+11:00 [DEBUG] Connection; peer=Server
2025-10-29 19:54:50.290+11:00 [DEBUG] send frame=WindowUpdate { stream_id: StreamId(0), size_increment: 16711681 }
2025-10-29 19:54:50.290+11:00 [DEBUG] Connection::poll;
2025-10-29 19:54:50.290+11:00 [DEBUG] Connection::poll;
2025-10-29 19:54:50.291+11:00 [DEBUG] Connection::poll;
2025-10-29 19:54:50.291+11:00 [DEBUG] Dialer: Received confirmation for protocol: /ipfs/id/1.0.0
2025-10-29 19:54:50.291+11:00 [DEBUG] Connection::poll;
2025-10-29 19:54:50.291+11:00 [DEBUG] Swarm::poll;
2025-10-29 19:54:50.291+11:00 [DEBUG] Pool::poll;
2025-10-29 19:54:50.291+11:00 [DEBUG] Connection::poll;
2025-10-29 19:54:50.291+11:00 [DEBUG] Connection::poll;
2025-10-29 19:54:50.291+11:00 [DEBUG] Connection::poll;
2025-10-29 19:54:50.291+11:00 [DEBUG] ping succeeded rtt=1.318833ms
2025-10-29 19:54:50.291+11:00 [DEBUG] Connection::poll;
2025-10-29 19:54:50.291+11:00 [DEBUG] Connection::poll;
2025-10-29 19:54:50.291+11:00 [DEBUG] Connection::poll;
2025-10-29 19:54:50.292+11:00 [DEBUG] Identify behaviour event event=Received { connection_id: ConnectionId(4), peer_id: PeerId("12D3KooWPmQieKFEWztfSgarj6yeKxndqJLo5kwaBP7dQua8zZRU"), info: Info { public_key: PublicKey { publickey: Ed25519(PublicKey(compressed): cf41c212d9ae447853e1b786b60b5755f5912791ade93ecea668b9edd083) }, protocol_version: "/kaspa/0.1.0", agent_version: "rust-libp2p/0.47.0", listen_addrs: [], protocols: ["/ipfs/id/1.0.0", "/ipfs/ping/1.0.0", "/ipfs/id/push/1.0.0", "/kaspa/p2p/bridge/1.0", "/libp2p/circuit/relay/0.2.0/stop"], observed_addr: /ip4/127.0.0.1/tcp/4100, signed_peer_record: None } }
2025-10-29 19:54:50.292+11:00 [DEBUG] Swarm::poll;
2025-10-29 19:54:50.292+11:00 [DEBUG] Connection::poll;
2025-10-29 19:54:50.292+11:00 [DEBUG] Swarm::poll;
2025-10-29 19:54:50.292+11:00 [DEBUG] Pool::poll;
2025-10-29 19:54:50.292+11:00 [DEBUG] Swarm::poll;
2025-10-29 19:54:50.292+11:00 [DEBUG] Pool::poll;
2025-10-29 19:54:50.292+11:00 [DEBUG] Connection::poll;
2025-10-29 19:54:50.292+11:00 [DEBUG] Connection::poll;
2025-10-29 19:54:50.292+11:00 [DEBUG] received frame=Settings { flags: (0x0), enable_push: 0, initial_window_size: 2097152, max_frame_size: 16384, max_header_list_size: 16384 }
2025-10-29 19:54:50.292+11:00 [DEBUG] send frame=Settings { flags: (0x1: ACK) }
2025-10-29 19:54:50.292+11:00 [DEBUG] received frame=Settings { flags: (0x1: ACK) }
2025-10-29 19:54:50.292+11:00 [DEBUG] received settings ACK; applying Settings { flags: (0x0), initial_window_size: 8388608, max_frame_size: 1048576, max_header_list_size: 65536 }
2025-10-29 19:54:50.292+11:00 [DEBUG] received frame=WindowUpdate { stream_id: StreamId(0), size_increment: 5177345 }
2025-10-29 19:54:50.294+11:00 [DEBUG] received frame=Headers { stream_id: StreamId(1), flags: (0x4: END_HEADERS) }
2025-10-29 19:54:50.294+11:00 [DEBUG] P2P, accepting incoming stream from [::1]:61129
2025-10-29 19:54:50.294+11:00 [DEBUG] send frame=Headers { stream_id: StreamId(1), flags: (0x4: END_HEADERS) }
2025-10-29 19:54:50.294+11:00 [DEBUG] starting send version flow
2025-10-29 19:54:50.294+11:00 [DEBUG] sending version message: VersionMessage { protocol_version: 5, services: 0, timestamp: 1761728090294, address: None, id: [250, 174, 140, 162, 15, 216, 75, 186, 163, 65, 213, 25, 248, 214, 118, 54], user_agent: "", disable_relay_tx: false, subnetwork_id: None, network: "kaspa-mainnet" }
2025-10-29 19:54:50.294+11:00 [DEBUG] starting receive version flow
2025-10-29 19:54:50.294+11:00 [DEBUG] Swarm::poll;
2025-10-29 19:54:50.295+11:00 [DEBUG] Pool::poll;
2025-10-29 19:54:50.295+11:00 [DEBUG] Incoming connection from remote at local remote_address=/ip4/127.0.0.1/tcp/61130 local_address=/ip4/127.0.0.1/tcp/4100
2025-10-29 19:54:50.295+11:00 [DEBUG] new_incoming_connection; remote_addr=/ip4/127.0.0.1/tcp/61130 id=7
2025-10-29 19:54:50.295+11:00 [DEBUG] Swarm::poll;
2025-10-29 19:54:50.295+11:00 [DEBUG] Pool::poll;
2025-10-29 19:54:50.295+11:00 [DEBUG] Connection::poll;
2025-10-29 19:54:50.295+11:00 [DEBUG] send frame=Data { stream_id: StreamId(1) }
2025-10-29 19:54:50.295+11:00 [DEBUG] Connection::poll;
2025-10-29 19:54:50.295+11:00 [DEBUG] Swarm::poll;
2025-10-29 19:54:50.295+11:00 [DEBUG] Pool::poll;
2025-10-29 19:54:50.295+11:00 [DEBUG] Connection::poll;
2025-10-29 19:54:50.295+11:00 [DEBUG] Connection::poll;
2025-10-29 19:54:50.295+11:00 [DEBUG] Swarm::poll;
2025-10-29 19:54:50.295+11:00 [DEBUG] Pool::poll;
2025-10-29 19:54:50.295+11:00 [DEBUG] Attempting to hole-punch as listener target=12D3KooWPmQieKFEWztfSgarj6yeKxndqJLo5kwaBP7dQua8zZRU addresses=[/ip4/127.0.0.1/tcp/61126/p2p/12D3KooWPmQieKFEWztfSgarj6yeKxndqJLo5kwaBP7dQua8zZRU]
2025-10-29 19:54:50.295+11:00 [DEBUG] Failed to dial using libp2p_core::transport::map::Map<libp2p_core::transport::upgrade::Multiplexed<libp2p_core::transport::and_then::AndThen<libp2p_core::transport::and_then::AndThen<libp2p_tcp::Transport<libp2p_tcp::provider::tokio::Tcp>, libp2p_core::transport::upgrade::Builder<libp2p_tcp::Transport<libp2p_tcp::provider::tokio::Tcp>>::authenticate<libp2p_tcp::provider::tokio::TcpStream, libp2p_noise::io::Output<multistream_select::negotiated::Negotiated<libp2p_tcp::provider::tokio::TcpStream>>, libp2p_noise::Config, libp2p_noise::Error>::{{closure}}>, libp2p_core::transport::upgrade::Authenticated<libp2p_core::transport::and_then::AndThen<libp2p_tcp::Transport<libp2p_tcp::provider::tokio::Tcp>, libp2p_core::transport::upgrade::Builder<libp2p_tcp::Transport<libp2p_tcp::provider::tokio::Tcp>>::authenticate<libp2p_tcp::provider::tokio::TcpStream, libp2p_noise::io::Output<multistream_select::negotiated::Negotiated<libp2p_tcp::provider::tokio::TcpStream>>, libp2p_noise::Config, libp2p_noise::Error>::{{closure}}>>::multiplex<libp2p_noise::io::Output<multistream_select::negotiated::Negotiated<libp2p_tcp::provider::tokio::TcpStream>>, libp2p_yamux::Muxer<multistream_select::negotiated::Negotiated<libp2p_noise::io::Output<multistream_select::negotiated::Negotiated<libp2p_tcp::provider::tokio::TcpStream>>>>, libp2p_yamux::Config, std::io::error::Error>::{{closure}}>>, libp2p::builder::phase::tcp::<impl libp2p::builder::SwarmBuilder<libp2p::builder::phase::provider::Tokio, libp2p::builder::phase::tcp::TcpPhase>>::with_tcp<libp2p_noise::Config::new, libp2p_noise::io::Output<multistream_select::negotiated::Negotiated<libp2p_tcp::provider::tokio::TcpStream>>, libp2p_noise::Error, hole_punch_bridge::swarm::build_swarm::{{closure}}, libp2p_yamux::Muxer<multistream_select::negotiated::Negotiated<libp2p_noise::io::Output<multistream_select::negotiated::Negotiated<libp2p_tcp::provider::tokio::TcpStream>>>>, std::io::error::Error>::{{closure}}> address=/ip4/127.0.0.1/tcp/61126/p2p/12D3KooWPmQieKFEWztfSgarj6yeKxndqJLo5kwaBP7dQua8zZRU
2025-10-29 19:54:50.295+11:00 [DEBUG] dialing address address=127.0.0.1:61126
2025-10-29 19:54:50.296+11:00 [DEBUG] Transport::dial; address=/ip4/127.0.0.1/tcp/61126/p2p/12D3KooWPmQieKFEWztfSgarj6yeKxndqJLo5kwaBP7dQua8zZRU
2025-10-29 19:54:50.296+11:00 [DEBUG] new_outgoing_connection; concurrency_factor=8 num_dials=1 id=8
2025-10-29 19:54:50.296+11:00 [DEBUG] Swarm::poll;
2025-10-29 19:54:50.296+11:00 [DEBUG] Pool::poll;
2025-10-29 19:54:50.296+11:00 [DEBUG] Connection::poll;
2025-10-29 19:54:50.296+11:00 [DEBUG] Swarm::poll;
2025-10-29 19:54:50.296+11:00 [DEBUG] Pool::poll;
2025-10-29 19:54:50.296+11:00 [DEBUG] Connection attempt to peer failed with Transport([(/ip4/127.0.0.1/tcp/61126/p2p/12D3KooWPmQieKFEWztfSgarj6yeKxndqJLo5kwaBP7dQua8zZRU, Other(Custom { kind: Other, error: Other(Right(Left(Left(Os { code: 61, kind: ConnectionRefused, message: "Connection refused" })))) }))]). peer=12D3KooWPmQieKFEWztfSgarj6yeKxndqJLo5kwaBP7dQua8zZRU
2025-10-29 19:54:50.296+11:00 [DEBUG] Outgoing connection error peer_id=Some(PeerId("12D3KooWPmQieKFEWztfSgarj6yeKxndqJLo5kwaBP7dQua8zZRU")) error=Failed to negotiate transport protocol(s): [(/ip4/127.0.0.1/tcp/61126/p2p/12D3KooWPmQieKFEWztfSgarj6yeKxndqJLo5kwaBP7dQua8zZRU: : Connection refused (os error 61): Connection refused (os error 61))]
2025-10-29 19:54:50.296+11:00 [DEBUG] Swarm::poll;
2025-10-29 19:54:50.296+11:00 [DEBUG] DCUtR behaviour event event=Event { remote_peer_id: PeerId("12D3KooWPmQieKFEWztfSgarj6yeKxndqJLo5kwaBP7dQua8zZRU"), result: Err(Error { inner: AttemptsExceeded(3) }) }
2025-10-29 19:54:50.296+11:00 [DEBUG] Swarm::poll;
2025-10-29 19:54:50.296+11:00 [DEBUG] Pool::poll;
2025-10-29 19:54:50.296+11:00 [DEBUG] Listener: confirming protocol: /yamux/1.0.0
2025-10-29 19:54:50.296+11:00 [DEBUG] Listener: sent confirmed protocol: /yamux/1.0.0
2025-10-29 19:54:50.296+11:00 [DEBUG] new connection: 90bfadfb (Server)
2025-10-29 19:54:50.296+11:00 [DEBUG] Swarm::poll;
2025-10-29 19:54:50.296+11:00 [DEBUG] Listener: confirming protocol: /noise
2025-10-29 19:54:50.296+11:00 [DEBUG] Pool::poll;
2025-10-29 19:54:50.296+11:00 [DEBUG] Listener: sent confirmed protocol: /noise
2025-10-29 19:54:50.297+11:00 [DEBUG] received frame=Data { stream_id: StreamId(1) }
2025-10-29 19:54:50.297+11:00 [DEBUG] Creating new channel pair peer=12D3KooWPmQieKFEWztfSgarj6yeKxndqJLo5kwaBP7dQua8zZRU connection=6
2025-10-29 19:54:50.297+11:00 [DEBUG] accepted version message: VersionMessage { protocol_version: 5, services: 0, timestamp: 1761728090295, address: None, id: [81, 56, 109, 189, 144, 108, 68, 67, 183, 83, 168, 135, 19, 231, 175, 105], user_agent: "", disable_relay_tx: false, subnetwork_id: None, network: "kaspa-mainnet" }
2025-10-29 19:54:50.297+11:00 [DEBUG] accepted verack_message: VerackMessage
2025-10-29 19:54:50.297+11:00 [DEBUG] protocol versions - self: 5, peer: 5
2025-10-29 19:54:50.297+11:00 [DEBUG] new_established_connection; remote_addr=/ip4/127.0.0.1/tcp/61128 id=6 peer=12D3KooWPmQieKFEWztfSgarj6yeKxndqJLo5kwaBP7dQua8zZRU
2025-10-29 19:54:50.297+11:00 [DEBUG] EchoFlow, start app-layer receiving loop
2025-10-29 19:54:50.297+11:00 [DEBUG] starting ready flow
2025-10-29 19:54:50.297+11:00 [DEBUG] Connection established peer=12D3KooWPmQieKFEWztfSgarj6yeKxndqJLo5kwaBP7dQua8zZRU endpoint=Listener { local_addr: /ip4/127.0.0.1/tcp/4100, send_back_addr: /ip4/127.0.0.1/tcp/61128 } total_peers=3
2025-10-29 19:54:50.297+11:00 [DEBUG] EchoFlow, start message dispatching loop
2025-10-29 19:54:50.297+11:00 [DEBUG] Swarm connection established peer_id=12D3KooWPmQieKFEWztfSgarj6yeKxndqJLo5kwaBP7dQua8zZRU endpoint=Listener { local_addr: /ip4/127.0.0.1/tcp/4100, send_back_addr: /ip4/127.0.0.1/tcp/61128 }
2025-10-29 19:54:50.297+11:00 [DEBUG] Swarm::poll;
2025-10-29 19:54:50.297+11:00 [DEBUG] Pool::poll;
2025-10-29 19:54:50.297+11:00 [DEBUG] Connection::poll;
2025-10-29 19:54:50.297+11:00 [DEBUG] 90bfadfb: new outbound (Stream 90bfadfb/2) of (Connection 90bfadfb Server (streams 1))
2025-10-29 19:54:50.297+11:00 [DEBUG] Dialer: Proposed protocol: /ipfs/ping/1.0.0
2025-10-29 19:54:50.297+11:00 [DEBUG] send frame=Data { stream_id: StreamId(1) }
2025-10-29 19:54:50.297+11:00 [DEBUG] 90bfadfb: new outbound (Stream 90bfadfb/4) of (Connection 90bfadfb Server (streams 3))
2025-10-29 19:54:50.297+11:00 [DEBUG] Dialer: Proposed protocol: /ipfs/id/1.0.0
2025-10-29 19:54:50.297+11:00 [DEBUG] Listener: confirming protocol: /ipfs/ping/1.0.0
2025-10-29 19:54:50.297+11:00 [DEBUG] Listener: sent confirmed protocol: /ipfs/ping/1.0.0
2025-10-29 19:54:50.298+11:00 [DEBUG] Listener: confirming protocol: /ipfs/id/1.0.0
2025-10-29 19:54:50.298+11:00 [DEBUG] Listener: sent confirmed protocol: /ipfs/id/1.0.0
2025-10-29 19:54:50.298+11:00 [DEBUG] Connection::poll;
2025-10-29 19:54:50.298+11:00 [DEBUG] Swarm::poll;
2025-10-29 19:54:50.298+11:00 [DEBUG] Pool::poll;
2025-10-29 19:54:50.298+11:00 [DEBUG] Connection::poll;
2025-10-29 19:54:50.298+11:00 [DEBUG] Identify behaviour event event=Sent { connection_id: ConnectionId(6), peer_id: PeerId("12D3KooWPmQieKFEWztfSgarj6yeKxndqJLo5kwaBP7dQua8zZRU") }
2025-10-29 19:54:50.298+11:00 [DEBUG] Swarm::poll;
2025-10-29 19:54:50.298+11:00 [DEBUG] Pool::poll;
2025-10-29 19:54:50.298+11:00 [DEBUG] Connection::poll;
2025-10-29 19:54:50.298+11:00 [DEBUG] Connection::poll;
2025-10-29 19:54:50.298+11:00 [DEBUG] Dialer: Received confirmation for protocol: /ipfs/ping/1.0.0
2025-10-29 19:54:50.298+11:00 [DEBUG] Connection::poll;
2025-10-29 19:54:50.298+11:00 [DEBUG] Connection::poll;
2025-10-29 19:54:50.298+11:00 [DEBUG] Connection::poll;
2025-10-29 19:54:50.299+11:00 [DEBUG] Dialer: Received confirmation for protocol: /ipfs/id/1.0.0
2025-10-29 19:54:50.299+11:00 [DEBUG] Connection::poll;
2025-10-29 19:54:50.299+11:00 [DEBUG] Swarm::poll;
2025-10-29 19:54:50.299+11:00 [DEBUG] Pool::poll;
2025-10-29 19:54:50.299+11:00 [DEBUG] Connection::poll;
2025-10-29 19:54:50.299+11:00 [DEBUG] Identify behaviour event event=Received { connection_id: ConnectionId(6), peer_id: PeerId("12D3KooWPmQieKFEWztfSgarj6yeKxndqJLo5kwaBP7dQua8zZRU"), info: Info { public_key: PublicKey { publickey: Ed25519(PublicKey(compressed): cf41c212d9ae447853e1b786b60b5755f5912791ade93ecea668b9edd083) }, protocol_version: "/kaspa/0.1.0", agent_version: "rust-libp2p/0.47.0", listen_addrs: [], protocols: ["/kaspa/p2p/bridge/1.0", "/ipfs/ping/1.0.0", "/ipfs/id/push/1.0.0", "/ipfs/id/1.0.0", "/libp2p/circuit/relay/0.2.0/stop"], observed_addr: /ip4/127.0.0.1/tcp/4100, signed_peer_record: None } }
2025-10-29 19:54:50.299+11:00 [DEBUG] Swarm::poll;
2025-10-29 19:54:50.299+11:00 [DEBUG] Swarm::poll;
2025-10-29 19:54:50.299+11:00 [DEBUG] Pool::poll;
2025-10-29 19:54:50.299+11:00 [DEBUG] received frame=Data { stream_id: StreamId(1) }
2025-10-29 19:54:50.299+11:00 [DEBUG] accepted ready message: ReadyMessage
2025-10-29 19:54:50.300+11:00 [DEBUG] Connection::poll;
2025-10-29 19:54:50.300+11:00 [INFO ] P2P Connected to incoming peer [::1]:61129 (inbound: 2)
2025-10-29 19:54:50.300+11:00 [DEBUG] Connection::poll;
2025-10-29 19:54:50.300+11:00 [DEBUG] ping succeeded rtt=1.565333ms
2025-10-29 19:54:50.300+11:00 [DEBUG] Connection::poll;
2025-10-29 19:54:50.300+11:00 [DEBUG] Swarm::poll;
2025-10-29 19:54:50.300+11:00 [DEBUG] Connection::poll;
2025-10-29 19:54:50.300+11:00 [DEBUG] Pool::poll;
2025-10-29 19:54:50.300+11:00 [DEBUG] Swarm::poll;
2025-10-29 19:54:50.300+11:00 [DEBUG] Pool::poll;
2025-10-29 19:54:50.302+11:00 [DEBUG] Listener: confirming protocol: /yamux/1.0.0
2025-10-29 19:54:50.302+11:00 [DEBUG] Listener: sent confirmed protocol: /yamux/1.0.0
2025-10-29 19:54:50.302+11:00 [DEBUG] new connection: 710414cf (Server)
2025-10-29 19:54:50.302+11:00 [DEBUG] Swarm::poll;
2025-10-29 19:54:50.302+11:00 [DEBUG] Pool::poll;
2025-10-29 19:54:50.303+11:00 [DEBUG] Creating new channel pair peer=12D3KooWPmQieKFEWztfSgarj6yeKxndqJLo5kwaBP7dQua8zZRU connection=7
2025-10-29 19:54:50.303+11:00 [DEBUG] new_established_connection; remote_addr=/ip4/127.0.0.1/tcp/61130 id=7 peer=12D3KooWPmQieKFEWztfSgarj6yeKxndqJLo5kwaBP7dQua8zZRU
2025-10-29 19:54:50.303+11:00 [DEBUG] Connection established peer=12D3KooWPmQieKFEWztfSgarj6yeKxndqJLo5kwaBP7dQua8zZRU endpoint=Listener { local_addr: /ip4/127.0.0.1/tcp/4100, send_back_addr: /ip4/127.0.0.1/tcp/61130 } total_peers=4
2025-10-29 19:54:50.303+11:00 [DEBUG] Swarm connection established peer_id=12D3KooWPmQieKFEWztfSgarj6yeKxndqJLo5kwaBP7dQua8zZRU endpoint=Listener { local_addr: /ip4/127.0.0.1/tcp/4100, send_back_addr: /ip4/127.0.0.1/tcp/61130 }
2025-10-29 19:54:50.303+11:00 [DEBUG] Swarm::poll;
2025-10-29 19:54:50.303+11:00 [DEBUG] Pool::poll;
2025-10-29 19:54:50.303+11:00 [DEBUG] Connection::poll;
2025-10-29 19:54:50.303+11:00 [DEBUG] 710414cf: new outbound (Stream 710414cf/2) of (Connection 710414cf Server (streams 1))
2025-10-29 19:54:50.303+11:00 [DEBUG] Dialer: Proposed protocol: /ipfs/ping/1.0.0
2025-10-29 19:54:50.303+11:00 [DEBUG] 710414cf: new outbound (Stream 710414cf/4) of (Connection 710414cf Server (streams 3))
2025-10-29 19:54:50.303+11:00 [DEBUG] Dialer: Proposed protocol: /ipfs/id/1.0.0
2025-10-29 19:54:50.303+11:00 [DEBUG] Listener: confirming protocol: /ipfs/ping/1.0.0
2025-10-29 19:54:50.303+11:00 [DEBUG] Listener: sent confirmed protocol: /ipfs/ping/1.0.0
2025-10-29 19:54:50.304+11:00 [DEBUG] Listener: confirming protocol: /ipfs/id/1.0.0
2025-10-29 19:54:50.304+11:00 [DEBUG] Listener: sent confirmed protocol: /ipfs/id/1.0.0
2025-10-29 19:54:50.304+11:00 [DEBUG] Connection::poll;
2025-10-29 19:54:50.304+11:00 [DEBUG] Swarm::poll;
2025-10-29 19:54:50.304+11:00 [DEBUG] Pool::poll;
2025-10-29 19:54:50.304+11:00 [DEBUG] Identify behaviour event event=Sent { connection_id: ConnectionId(7), peer_id: PeerId("12D3KooWPmQieKFEWztfSgarj6yeKxndqJLo5kwaBP7dQua8zZRU") }
2025-10-29 19:54:50.304+11:00 [DEBUG] Swarm::poll;
2025-10-29 19:54:50.304+11:00 [DEBUG] Connection::poll;
2025-10-29 19:54:50.304+11:00 [DEBUG] Connection::poll;
2025-10-29 19:54:50.304+11:00 [DEBUG] Pool::poll;
2025-10-29 19:54:50.304+11:00 [DEBUG] Connection::poll;
2025-10-29 19:54:50.305+11:00 [DEBUG] Connection::poll;
2025-10-29 19:54:50.305+11:00 [DEBUG] Dialer: Received confirmation for protocol: /ipfs/ping/1.0.0
2025-10-29 19:54:50.305+11:00 [DEBUG] Connection::poll;
2025-10-29 19:54:50.305+11:00 [DEBUG] Dialer: Received confirmation for protocol: /ipfs/id/1.0.0
2025-10-29 19:54:50.305+11:00 [DEBUG] Connection::poll;
2025-10-29 19:54:50.305+11:00 [DEBUG] Swarm::poll;
2025-10-29 19:54:50.305+11:00 [DEBUG] Pool::poll;
2025-10-29 19:54:50.305+11:00 [DEBUG] Connection::poll;
2025-10-29 19:54:50.305+11:00 [DEBUG] Identify behaviour event event=Received { connection_id: ConnectionId(7), peer_id: PeerId("12D3KooWPmQieKFEWztfSgarj6yeKxndqJLo5kwaBP7dQua8zZRU"), info: Info { public_key: PublicKey { publickey: Ed25519(PublicKey(compressed): cf41c212d9ae447853e1b786b60b5755f5912791ade93ecea668b9edd083) }, protocol_version: "/kaspa/0.1.0", agent_version: "rust-libp2p/0.47.0", listen_addrs: [], protocols: ["/ipfs/id/push/1.0.0", "/libp2p/circuit/relay/0.2.0/stop", "/kaspa/p2p/bridge/1.0", "/ipfs/id/1.0.0", "/ipfs/ping/1.0.0"], observed_addr: /ip4/127.0.0.1/tcp/4100, signed_peer_record: None } }
2025-10-29 19:54:50.305+11:00 [DEBUG] Connection::poll;
2025-10-29 19:54:50.305+11:00 [DEBUG] Swarm::poll;
2025-10-29 19:54:50.305+11:00 [DEBUG] Swarm::poll;
2025-10-29 19:54:50.305+11:00 [DEBUG] Pool::poll;
2025-10-29 19:54:50.306+11:00 [DEBUG] Connection::poll;
2025-10-29 19:54:50.306+11:00 [DEBUG] Connection::poll;
2025-10-29 19:54:50.306+11:00 [DEBUG] ping succeeded rtt=1.091667ms
2025-10-29 19:54:50.306+11:00 [DEBUG] Connection::poll;
2025-10-29 19:54:50.306+11:00 [DEBUG] Swarm::poll;
2025-10-29 19:54:50.306+11:00 [DEBUG] Pool::poll;
2025-10-29 19:54:50.306+11:00 [DEBUG] Swarm::poll;
2025-10-29 19:54:50.306+11:00 [DEBUG] Pool::poll;
2025-10-29 19:54:52.837+11:00 [DEBUG] Connection::poll;
2025-10-29 19:54:52.837+11:00 [DEBUG] Connection::poll;
2025-10-29 19:54:52.838+11:00 [DEBUG] Connection::poll;
2025-10-29 19:54:52.843+11:00 [DEBUG] Connection::poll;
2025-10-29 19:54:52.843+11:00 [DEBUG] Connection::poll;
2025-10-29 19:54:52.843+11:00 [DEBUG] Connection::poll;
2025-10-29 19:54:52.843+11:00 [DEBUG] Connection::poll;
2025-10-29 19:54:52.843+11:00 [DEBUG] ping succeeded rtt=569.667µs
2025-10-29 19:54:52.843+11:00 [DEBUG] Connection::poll;
2025-10-29 19:54:52.843+11:00 [DEBUG] Swarm::poll;
2025-10-29 19:54:52.843+11:00 [DEBUG] Pool::poll;
2025-10-29 19:54:52.844+11:00 [DEBUG] Swarm::poll;
2025-10-29 19:54:52.844+11:00 [DEBUG] Pool::poll;
2025-10-29 19:54:55.302+11:00 [DEBUG] received frame=Data { stream_id: StreamId(1), flags: (0x1: END_STREAM) }
2025-10-29 19:54:55.302+11:00 [DEBUG] received frame=Reset { stream_id: StreamId(1), error_code: CANCEL }
2025-10-29 19:54:55.302+11:00 [DEBUG] received frame=GoAway { error_code: NO_ERROR, last_stream_id: StreamId(0) }
2025-10-29 19:54:55.303+11:00 [DEBUG] Connection::poll;
2025-10-29 19:54:55.303+11:00 [DEBUG] Connection::poll;
2025-10-29 19:54:55.303+11:00 [DEBUG] Swarm::poll;
2025-10-29 19:54:55.303+11:00 [INFO ] P2P, incoming stream ended from peer [::1]:61129
2025-10-29 19:54:55.303+11:00 [DEBUG] P2P, Router receive loop - exited, router-id: 00000000-0000-0000-0000-000000000000, router refs: 4
2025-10-29 19:54:55.303+11:00 [DEBUG] P2P, Hub event loop, removing peer, router-id: 00000000-0000-0000-0000-000000000000
2025-10-29 19:54:55.303+11:00 [DEBUG] EchoFlow, exiting message dispatch loop
2025-10-29 19:54:55.303+11:00 [DEBUG] Connection::poll;
2025-10-29 19:54:55.304+11:00 [DEBUG] Connection::poll;
2025-10-29 19:54:55.304+11:00 [DEBUG] Pool::poll;
2025-10-29 19:54:55.304+11:00 [DEBUG] Connection closed with error IO(Custom { kind: Other, error: Error(Left(Closed)) }): Connected { endpoint: Listener { local_addr: /ip4/127.0.0.1/tcp/4100, send_back_addr: /ip4/127.0.0.1/tcp/61130 }, peer_id: PeerId("12D3KooWPmQieKFEWztfSgarj6yeKxndqJLo5kwaBP7dQua8zZRU") } total_peers=3
2025-10-29 19:54:55.304+11:00 [DEBUG] Connection::poll;
2025-10-29 19:54:55.304+11:00 [DEBUG] Swarm connection closed peer_id=12D3KooWPmQieKFEWztfSgarj6yeKxndqJLo5kwaBP7dQua8zZRU endpoint=Listener { local_addr: /ip4/127.0.0.1/tcp/4100, send_back_addr: /ip4/127.0.0.1/tcp/61130 }
2025-10-29 19:54:55.304+11:00 [DEBUG] 5d914dba/6: eof
2025-10-29 19:54:55.304+11:00 [DEBUG] Swarm::poll;
2025-10-29 19:54:55.304+11:00 [DEBUG] Pool::poll;
2025-10-29 19:54:55.304+11:00 [DEBUG] Connection closed with error IO(Custom { kind: Other, error: Error(Left(Closed)) }): Connected { endpoint: Listener { local_addr: /ip4/127.0.0.1/tcp/4100, send_back_addr: /ip4/127.0.0.1/tcp/61128 }, peer_id: PeerId("12D3KooWPmQieKFEWztfSgarj6yeKxndqJLo5kwaBP7dQua8zZRU") } total_peers=2
2025-10-29 19:54:55.304+11:00 [DEBUG] Swarm connection closed peer_id=12D3KooWPmQieKFEWztfSgarj6yeKxndqJLo5kwaBP7dQua8zZRU endpoint=Listener { local_addr: /ip4/127.0.0.1/tcp/4100, send_back_addr: /ip4/127.0.0.1/tcp/61128 }
2025-10-29 19:54:55.304+11:00 [DEBUG] Swarm::poll;
2025-10-29 19:54:55.304+11:00 [DEBUG] Pool::poll;
2025-10-29 19:54:55.304+11:00 [DEBUG] Connection closed with error IO(Custom { kind: Other, error: Error(Left(Closed)) }): Connected { endpoint: Listener { local_addr: /ip4/127.0.0.1/tcp/4100, send_back_addr: /ip4/127.0.0.1/tcp/61127 }, peer_id: PeerId("12D3KooWPmQieKFEWztfSgarj6yeKxndqJLo5kwaBP7dQua8zZRU") } total_peers=1
2025-10-29 19:54:55.304+11:00 [DEBUG] Swarm connection closed peer_id=12D3KooWPmQieKFEWztfSgarj6yeKxndqJLo5kwaBP7dQua8zZRU endpoint=Listener { local_addr: /ip4/127.0.0.1/tcp/4100, send_back_addr: /ip4/127.0.0.1/tcp/61127 }
2025-10-29 19:54:55.304+11:00 [DEBUG] Connection::poll;
2025-10-29 19:54:55.304+11:00 [DEBUG] decoder inner stream error: Status { code: Unknown, message: "h2 protocol error: error reading a body from connection", source: Some(Error { inner: Status { code: Unknown, message: "h2 protocol error: error reading a body from connection", source: Some(hyper::Error(Body, Error { kind: Io(Custom { kind: BrokenPipe, error: "stream closed because of a broken pipe" }) })) } }) }
2025-10-29 19:54:55.304+11:00 [DEBUG] Swarm::poll;
2025-10-29 19:54:55.304+11:00 [INFO ] P2P, network error: stream closed because of a broken pipe from peer [fd00::d17:9e64:e34:27b2]:36404 (peer=12D3KooWPmQieKFEWztfSgarj6yeKxndqJLo5kwaBP7dQua8zZRU)
2025-10-29 19:54:55.304+11:00 [DEBUG] Pool::poll;
2025-10-29 19:54:55.304+11:00 [DEBUG] P2P, Router receive loop - exited, router-id: 00000000-0000-0000-0000-000000000000, router refs: 4
2025-10-29 19:54:55.304+11:00 [DEBUG] EchoFlow, exiting message dispatch loop
2025-10-29 19:54:55.304+11:00 [DEBUG] Connection closed with error IO(Custom { kind: Other, error: Error(Left(Closed)) }): Connected { endpoint: Listener { local_addr: /ip4/127.0.0.1/tcp/4011/p2p/12D3KooWR2KSRQWyanR1dPvnZkXt296xgf3FFn8135szya3zYYwY/p2p-circuit, send_back_addr: /p2p/12D3KooWPmQieKFEWztfSgarj6yeKxndqJLo5kwaBP7dQua8zZRU }, peer_id: PeerId("12D3KooWPmQieKFEWztfSgarj6yeKxndqJLo5kwaBP7dQua8zZRU") } total_peers=0
2025-10-29 19:54:55.305+11:00 [DEBUG] P2P, Hub event loop, removing peer, router-id: 00000000-0000-0000-0000-000000000000
2025-10-29 19:54:55.305+11:00 [DEBUG] Swarm connection closed peer_id=12D3KooWPmQieKFEWztfSgarj6yeKxndqJLo5kwaBP7dQua8zZRU endpoint=Listener { local_addr: /ip4/127.0.0.1/tcp/4011/p2p/12D3KooWR2KSRQWyanR1dPvnZkXt296xgf3FFn8135szya3zYYwY/p2p-circuit, send_back_addr: /p2p/12D3KooWPmQieKFEWztfSgarj6yeKxndqJLo5kwaBP7dQua8zZRU }
2025-10-29 19:54:55.305+11:00 [DEBUG] Swarm::poll;
2025-10-29 19:54:55.305+11:00 [DEBUG] Pool::poll;
2025-10-29 19:54:55.305+11:00 [DEBUG] Swarm::poll;
2025-10-29 19:54:55.306+11:00 [DEBUG] Pool::poll;
2025-10-29 19:55:07.847+11:00 [DEBUG] Connection::poll;
2025-10-29 19:55:07.850+11:00 [DEBUG] Connection::poll;
2025-10-29 19:55:07.856+11:00 [DEBUG] Connection::poll;
2025-10-29 19:55:07.857+11:00 [DEBUG] Connection::poll;
2025-10-29 19:55:07.858+11:00 [DEBUG] ping succeeded rtt=8.520292ms
2025-10-29 19:55:07.858+11:00 [DEBUG] Connection::poll;
2025-10-29 19:55:07.858+11:00 [DEBUG] Swarm::poll;
2025-10-29 19:55:07.858+11:00 [DEBUG] Pool::poll;
2025-10-29 19:55:07.858+11:00 [DEBUG] Swarm::poll;
2025-10-29 19:55:07.858+11:00 [DEBUG] Pool::poll;
2025-10-29 19:55:07.858+11:00 [DEBUG] Swarm::poll;
2025-10-29 19:55:07.859+11:00 [DEBUG] Pool::poll;
2025-10-29 19:55:22.840+11:00 [DEBUG] Connection::poll;
2025-10-29 19:55:22.841+11:00 [DEBUG] Connection::poll;
2025-10-29 19:55:22.841+11:00 [DEBUG] Connection::poll;
2025-10-29 19:55:22.862+11:00 [DEBUG] Connection::poll;
2025-10-29 19:55:22.863+11:00 [DEBUG] Connection::poll;
2025-10-29 19:55:22.864+11:00 [DEBUG] Connection::poll;
2025-10-29 19:55:22.865+11:00 [DEBUG] Connection::poll;
2025-10-29 19:55:22.866+11:00 [DEBUG] ping succeeded rtt=3.166208ms
2025-10-29 19:55:22.866+11:00 [DEBUG] Connection::poll;
2025-10-29 19:55:22.866+11:00 [DEBUG] Swarm::poll;
2025-10-29 19:55:22.866+11:00 [DEBUG] Pool::poll;
2025-10-29 19:55:22.866+11:00 [DEBUG] Swarm::poll;
2025-10-29 19:55:22.866+11:00 [DEBUG] Pool::poll;
2025-10-29 19:55:22.866+11:00 [DEBUG] Swarm::poll;
2025-10-29 19:55:22.866+11:00 [DEBUG] Pool::poll;
2025-10-29 19:55:37.881+11:00 [DEBUG] Connection::poll;
2025-10-29 19:55:37.891+11:00 [DEBUG] Connection::poll;
2025-10-29 19:55:37.892+11:00 [DEBUG] Connection::poll;
2025-10-29 19:55:37.892+11:00 [DEBUG] Connection::poll;
2025-10-29 19:55:37.893+11:00 [DEBUG] ping succeeded rtt=7.708333ms
2025-10-29 19:55:37.893+11:00 [DEBUG] Connection::poll;
2025-10-29 19:55:37.893+11:00 [DEBUG] Swarm::poll;
2025-10-29 19:55:37.894+11:00 [DEBUG] Pool::poll;
2025-10-29 19:55:37.894+11:00 [DEBUG] Swarm::poll;
2025-10-29 19:55:37.894+11:00 [DEBUG] Pool::poll;
2025-10-29 19:55:37.894+11:00 [DEBUG] Swarm::poll;
2025-10-29 19:55:37.894+11:00 [DEBUG] Pool::poll;
2025-10-29 19:55:41.878+11:00 [DEBUG] P2P,p2p_client::main - TERMINATE
SwarmHandle::shutdown: sending Shutdown; active clones=1
SwarmHandle::shutdown: awaiting join
2025-10-29 19:55:41.878+11:00 [DEBUG] Swarm::poll;
2025-10-29 19:55:41.878+11:00 [DEBUG] Pool::poll;
SwarmHandle::shutdown: join complete
command-tx[swarm-12D3KooWGmakV4jeKDg5eqt7Cwah8w95cGgDEA2vPM1GcJFxyHXg]: -- (drop) -> 0
2025-10-29 19:55:41.882+11:00 [DEBUG] P2P,p2p_client::main - FINISH
2025-10-29 19:55:41.883+11:00 [DEBUG] P2P, libp2p incoming server stopped
2025-10-29 19:55:51.884+11:00 [DEBUG] P2P,p2p_client::main - EXIT
2025-10-29 19:55:51.885+11:00 [INFO ] P2P Server stopped: [::1]:50051
