    Finished `release` profile [optimized] target(s) in 0.94s
     Running `target/release/kaspa_p2p_server`
2025-10-29 20:31:31.593+11:00 [INFO ] P2P Server starting on: [::1]:50051
command-tx[swarm-12D3KooWR7QpfbpcFBJH32w3tqcY6erAg4xgZsN9QYmGBhw7vUBC]: ++ (init) -> 1
✓ Yamux: receive_window=32MiB, max_buffer=32MiB
2025-10-29 20:31:31.595+11:00 [INFO ] local_peer_id=12D3KooWR7QpfbpcFBJH32w3tqcY6erAg4xgZsN9QYmGBhw7vUBC
command-tx[swarm-12D3KooWR7QpfbpcFBJH32w3tqcY6erAg4xgZsN9QYmGBhw7vUBC]: ++ (SwarmHandle::command_tx) -> 2
command-tx[swarm-12D3KooWR7QpfbpcFBJH32w3tqcY6erAg4xgZsN9QYmGBhw7vUBC]: -- (drop) -> 1
2025-10-29 20:31:31.595+11:00 [DEBUG] Swarm::poll;
2025-10-29 20:31:31.595+11:00 [DEBUG] Pool::poll;
2025-10-29 20:31:31.596+11:00 [DEBUG] Swarm::poll;
2025-10-29 20:31:31.596+11:00 [DEBUG] Pool::poll;
2025-10-29 20:31:31.596+11:00 [DEBUG] Failed to listen on address using libp2p_core::transport::map::Map<libp2p_core::transport::upgrade::Multiplexed<libp2p_core::transport::and_then::AndThen<libp2p_core::transport::and_then::AndThen<libp2p_relay::priv_client::transport::Transport, libp2p_core::transport::upgrade::Builder<libp2p_relay::priv_client::transport::Transport>::authenticate<libp2p_relay::priv_client::Connection, libp2p_noise::io::Output<multistream_select::negotiated::Negotiated<libp2p_relay::priv_client::Connection>>, libp2p_noise::Config, libp2p_noise::Error>::{{closure}}>, libp2p_core::transport::upgrade::Authenticated<libp2p_core::transport::and_then::AndThen<libp2p_relay::priv_client::transport::Transport, libp2p_core::transport::upgrade::Builder<libp2p_relay::priv_client::transport::Transport>::authenticate<libp2p_relay::priv_client::Connection, libp2p_noise::io::Output<multistream_select::negotiated::Negotiated<libp2p_relay::priv_client::Connection>>, libp2p_noise::Config, libp2p_noise::Error>::{{closure}}>>::multiplex<libp2p_noise::io::Output<multistream_select::negotiated::Negotiated<libp2p_relay::priv_client::Connection>>, libp2p_yamux::Muxer<multistream_select::negotiated::Negotiated<libp2p_noise::io::Output<multistream_select::negotiated::Negotiated<libp2p_relay::priv_client::Connection>>>>, libp2p_yamux::Config, std::io::error::Error>::{{closure}}>>, libp2p::builder::phase::relay::<impl libp2p::builder::SwarmBuilder<libp2p::builder::phase::provider::Tokio, libp2p::builder::phase::relay::RelayPhase<libp2p_core::transport::map::Map<libp2p_core::transport::upgrade::Multiplexed<libp2p_core::transport::and_then::AndThen<libp2p_core::transport::and_then::AndThen<libp2p_tcp::Transport<libp2p_tcp::provider::tokio::Tcp>, libp2p_core::transport::upgrade::Builder<libp2p_tcp::Transport<libp2p_tcp::provider::tokio::Tcp>>::authenticate<libp2p_tcp::provider::tokio::TcpStream, libp2p_noise::io::Output<multistream_select::negotiated::Negotiated<libp2p_tcp::provider::tokio::TcpStream>>, libp2p_noise::Config, libp2p_noise::Error>::{{closure}}>, libp2p_core::transport::upgrade::Authenticated<libp2p_core::transport::and_then::AndThen<libp2p_tcp::Transport<libp2p_tcp::provider::tokio::Tcp>, libp2p_core::transport::upgrade::Builder<libp2p_tcp::Transport<libp2p_tcp::provider::tokio::Tcp>>::authenticate<libp2p_tcp::provider::tokio::TcpStream, libp2p_noise::io::Output<multistream_select::negotiated::Negotiated<libp2p_tcp::provider::tokio::TcpStream>>, libp2p_noise::Config, libp2p_noise::Error>::{{closure}}>>::multiplex<libp2p_noise::io::Output<multistream_select::negotiated::Negotiated<libp2p_tcp::provider::tokio::TcpStream>>, libp2p_yamux::Muxer<multistream_select::negotiated::Negotiated<libp2p_noise::io::Output<multistream_select::negotiated::Negotiated<libp2p_tcp::provider::tokio::TcpStream>>>>, libp2p_yamux::Config, std::io::error::Error>::{{closure}}>>, libp2p::builder::phase::tcp::<impl libp2p::builder::SwarmBuilder<libp2p::builder::phase::provider::Tokio, libp2p::builder::phase::tcp::TcpPhase>>::with_tcp<libp2p_noise::Config::new, libp2p_noise::io::Output<multistream_select::negotiated::Negotiated<libp2p_tcp::provider::tokio::TcpStream>>, libp2p_noise::Error, hole_punch_bridge::swarm::build_swarm::{{closure}}, libp2p_yamux::Muxer<multistream_select::negotiated::Negotiated<libp2p_noise::io::Output<multistream_select::negotiated::Negotiated<libp2p_tcp::provider::tokio::TcpStream>>>>, std::io::error::Error>::{{closure}}>>>>::with_relay_client<libp2p_noise::Config::new, libp2p_noise::io::Output<multistream_select::negotiated::Negotiated<libp2p_relay::priv_client::Connection>>, libp2p_noise::Error, hole_punch_bridge::swarm::build_swarm::{{closure}}, libp2p_yamux::Muxer<multistream_select::negotiated::Negotiated<libp2p_noise::io::Output<multistream_select::negotiated::Negotiated<libp2p_relay::priv_client::Connection>>>>, std::io::error::Error>::{{closure}}> address=/ip4/0.0.0.0/tcp/4012
2025-10-29 20:31:31.596+11:00 [DEBUG] listening on 0.0.0.0:4012
2025-10-29 20:31:31.598+11:00 [DEBUG] Swarm::poll;
2025-10-29 20:31:31.598+11:00 [DEBUG] Pool::poll;
2025-10-29 20:31:31.598+11:00 [DEBUG] New listen address address=/ip4/127.0.0.1/tcp/4012
2025-10-29 20:31:31.598+11:00 [DEBUG] New listener address listener=ListenerId(1) address=/ip4/127.0.0.1/tcp/4012
2025-10-29 20:31:31.598+11:00 [INFO ] Swarm listening address=/ip4/127.0.0.1/tcp/4012
2025-10-29 20:31:31.598+11:00 [DEBUG] Swarm::poll;
2025-10-29 20:31:31.598+11:00 [DEBUG] Pool::poll;
2025-10-29 20:31:31.598+11:00 [DEBUG] New listen address address=/ip4/10.0.0.150/tcp/4012
2025-10-29 20:31:31.598+11:00 [DEBUG] New listener address listener=ListenerId(1) address=/ip4/10.0.0.150/tcp/4012
2025-10-29 20:31:31.598+11:00 [INFO ] Swarm listening address=/ip4/10.0.0.150/tcp/4012
2025-10-29 20:31:31.598+11:00 [DEBUG] Swarm::poll;
2025-10-29 20:31:31.598+11:00 [DEBUG] Pool::poll;
2025-10-29 20:31:31.598+11:00 [DEBUG] New listen address address=/ip4/192.168.139.3/tcp/4012
2025-10-29 20:31:31.598+11:00 [DEBUG] New listener address listener=ListenerId(1) address=/ip4/192.168.139.3/tcp/4012
2025-10-29 20:31:31.598+11:00 [INFO ] Swarm listening address=/ip4/192.168.139.3/tcp/4012
2025-10-29 20:31:31.598+11:00 [DEBUG] Swarm::poll;
2025-10-29 20:31:31.598+11:00 [DEBUG] Pool::poll;
2025-10-29 20:31:31.598+11:00 [DEBUG] New listen address address=/ip4/192.168.97.0/tcp/4012
2025-10-29 20:31:31.598+11:00 [DEBUG] New listener address listener=ListenerId(1) address=/ip4/192.168.97.0/tcp/4012
2025-10-29 20:31:31.598+11:00 [INFO ] Swarm listening address=/ip4/192.168.97.0/tcp/4012
2025-10-29 20:31:31.598+11:00 [DEBUG] Swarm::poll;
2025-10-29 20:31:31.598+11:00 [DEBUG] Pool::poll;
2025-10-29 20:31:31.598+11:00 [DEBUG] New listen address address=/ip4/192.168.215.0/tcp/4012
2025-10-29 20:31:31.598+11:00 [DEBUG] New listener address listener=ListenerId(1) address=/ip4/192.168.215.0/tcp/4012
2025-10-29 20:31:31.598+11:00 [INFO ] Swarm listening address=/ip4/192.168.215.0/tcp/4012
2025-10-29 20:31:31.598+11:00 [DEBUG] Swarm::poll;
2025-10-29 20:31:31.598+11:00 [DEBUG] Pool::poll;
2025-10-29 20:31:31.598+11:00 [DEBUG] New listen address address=/ip4/192.168.107.0/tcp/4012
2025-10-29 20:31:31.598+11:00 [DEBUG] New listener address listener=ListenerId(1) address=/ip4/192.168.107.0/tcp/4012
2025-10-29 20:31:31.598+11:00 [INFO ] Swarm listening address=/ip4/192.168.107.0/tcp/4012
2025-10-29 20:31:31.598+11:00 [DEBUG] Swarm::poll;
2025-10-29 20:31:31.598+11:00 [DEBUG] Pool::poll;
2025-10-29 20:31:31.598+11:00 [DEBUG] Swarm::poll;
2025-10-29 20:31:31.598+11:00 [DEBUG] Pool::poll;
command-tx[swarm-12D3KooWR7QpfbpcFBJH32w3tqcY6erAg4xgZsN9QYmGBhw7vUBC]: ++ (SwarmHandle::command_tx) -> 2
command-tx[swarm-12D3KooWR7QpfbpcFBJH32w3tqcY6erAg4xgZsN9QYmGBhw7vUBC]: -- (drop) -> 1
2025-10-29 20:31:31.598+11:00 [DEBUG] Swarm::poll;
2025-10-29 20:31:31.598+11:00 [DEBUG] Pool::poll;
2025-10-29 20:31:31.598+11:00 [DEBUG] Swarm::poll;
2025-10-29 20:31:31.599+11:00 [DEBUG] Failed to dial using libp2p_core::transport::map::Map<libp2p_core::transport::upgrade::Multiplexed<libp2p_core::transport::and_then::AndThen<libp2p_core::transport::and_then::AndThen<libp2p_tcp::Transport<libp2p_tcp::provider::tokio::Tcp>, libp2p_core::transport::upgrade::Builder<libp2p_tcp::Transport<libp2p_tcp::provider::tokio::Tcp>>::authenticate<libp2p_tcp::provider::tokio::TcpStream, libp2p_noise::io::Output<multistream_select::negotiated::Negotiated<libp2p_tcp::provider::tokio::TcpStream>>, libp2p_noise::Config, libp2p_noise::Error>::{{closure}}>, libp2p_core::transport::upgrade::Authenticated<libp2p_core::transport::and_then::AndThen<libp2p_tcp::Transport<libp2p_tcp::provider::tokio::Tcp>, libp2p_core::transport::upgrade::Builder<libp2p_tcp::Transport<libp2p_tcp::provider::tokio::Tcp>>::authenticate<libp2p_tcp::provider::tokio::TcpStream, libp2p_noise::io::Output<multistream_select::negotiated::Negotiated<libp2p_tcp::provider::tokio::TcpStream>>, libp2p_noise::Config, libp2p_noise::Error>::{{closure}}>>::multiplex<libp2p_noise::io::Output<multistream_select::negotiated::Negotiated<libp2p_tcp::provider::tokio::TcpStream>>, libp2p_yamux::Muxer<multistream_select::negotiated::Negotiated<libp2p_noise::io::Output<multistream_select::negotiated::Negotiated<libp2p_tcp::provider::tokio::TcpStream>>>>, libp2p_yamux::Config, std::io::error::Error>::{{closure}}>>, libp2p::builder::phase::tcp::<impl libp2p::builder::SwarmBuilder<libp2p::builder::phase::provider::Tokio, libp2p::builder::phase::tcp::TcpPhase>>::with_tcp<libp2p_noise::Config::new, libp2p_noise::io::Output<multistream_select::negotiated::Negotiated<libp2p_tcp::provider::tokio::TcpStream>>, libp2p_noise::Error, hole_punch_bridge::swarm::build_swarm::{{closure}}, libp2p_yamux::Muxer<multistream_select::negotiated::Negotiated<libp2p_noise::io::Output<multistream_select::negotiated::Negotiated<libp2p_tcp::provider::tokio::TcpStream>>>>, std::io::error::Error>::{{closure}}> address=/ip4/<RELAY_IP>/tcp/4011/p2p/12D3KooWR2KSRQWyanR1dPvnZkXt296xgf3FFn8135szya3zYYwY
2025-10-29 20:31:31.599+11:00 [DEBUG] dialing address address=<RELAY_IP>:4011
2025-10-29 20:31:31.599+11:00 [DEBUG] Transport::dial; address=/ip4/<RELAY_IP>/tcp/4011/p2p/12D3KooWR2KSRQWyanR1dPvnZkXt296xgf3FFn8135szya3zYYwY
2025-10-29 20:31:31.599+11:00 [DEBUG] new_outgoing_connection; concurrency_factor=8 num_dials=1 id=1
2025-10-29 20:31:31.599+11:00 [DEBUG] Swarm::poll;
2025-10-29 20:31:31.599+11:00 [DEBUG] Pool::poll;
2025-10-29 20:31:31.856+11:00 [DEBUG] Dialer: Proposed protocol: /noise
2025-10-29 20:31:31.856+11:00 [DEBUG] Dialer: Expecting proposed protocol: /noise
2025-10-29 20:31:32.113+11:00 [DEBUG] Negotiated: Received confirmation for protocol: /noise
2025-10-29 20:31:32.119+11:00 [DEBUG] Dialer: Proposed protocol: /yamux/1.0.0
2025-10-29 20:31:32.119+11:00 [DEBUG] Dialer: Expecting proposed protocol: /yamux/1.0.0
2025-10-29 20:31:32.119+11:00 [DEBUG] new connection: b030b0ac (Client)
2025-10-29 20:31:32.119+11:00 [DEBUG] Swarm::poll;
2025-10-29 20:31:32.119+11:00 [DEBUG] Pool::poll;
2025-10-29 20:31:32.119+11:00 [DEBUG] Creating new channel pair peer=12D3KooWR2KSRQWyanR1dPvnZkXt296xgf3FFn8135szya3zYYwY connection=1
2025-10-29 20:31:32.119+11:00 [DEBUG] new_established_connection; remote_addr=/ip4/<RELAY_IP>/tcp/4011/p2p/12D3KooWR2KSRQWyanR1dPvnZkXt296xgf3FFn8135szya3zYYwY id=1 peer=12D3KooWR2KSRQWyanR1dPvnZkXt296xgf3FFn8135szya3zYYwY
2025-10-29 20:31:32.119+11:00 [DEBUG] Connection established peer=12D3KooWR2KSRQWyanR1dPvnZkXt296xgf3FFn8135szya3zYYwY endpoint=Dialer { address: /ip4/<RELAY_IP>/tcp/4011/p2p/12D3KooWR2KSRQWyanR1dPvnZkXt296xgf3FFn8135szya3zYYwY, role_override: Dialer, port_use: Reuse } total_peers=1
2025-10-29 20:31:32.119+11:00 [DEBUG] Swarm connection established peer_id=12D3KooWR2KSRQWyanR1dPvnZkXt296xgf3FFn8135szya3zYYwY endpoint=Dialer { address: /ip4/<RELAY_IP>/tcp/4011/p2p/12D3KooWR2KSRQWyanR1dPvnZkXt296xgf3FFn8135szya3zYYwY, role_override: Dialer, port_use: Reuse }
2025-10-29 20:31:32.119+11:00 [DEBUG] Swarm::poll;
2025-10-29 20:31:32.119+11:00 [DEBUG] Pool::poll;
2025-10-29 20:31:32.119+11:00 [DEBUG] Connection::poll;
2025-10-29 20:31:32.119+11:00 [DEBUG] Swarm::poll;
2025-10-29 20:31:32.119+11:00 [DEBUG] Pool::poll;
2025-10-29 20:31:32.120+11:00 [DEBUG] b030b0ac: new outbound (Stream b030b0ac/1) of (Connection b030b0ac Client (streams 0))
2025-10-29 20:31:32.120+11:00 [DEBUG] Dialer: Proposed protocol: /libp2p/circuit/relay/0.2.0/hop
2025-10-29 20:31:32.120+11:00 [DEBUG] b030b0ac: new outbound (Stream b030b0ac/3) of (Connection b030b0ac Client (streams 1))
2025-10-29 20:31:32.120+11:00 [DEBUG] Dialer: Proposed protocol: /ipfs/ping/1.0.0
2025-10-29 20:31:32.120+11:00 [DEBUG] b030b0ac: new outbound (Stream b030b0ac/5) of (Connection b030b0ac Client (streams 2))
2025-10-29 20:31:32.120+11:00 [DEBUG] Dialer: Proposed protocol: /ipfs/id/1.0.0
2025-10-29 20:31:32.120+11:00 [DEBUG] Connection::poll;
2025-10-29 20:31:32.377+11:00 [DEBUG] Connection::poll;
2025-10-29 20:31:32.378+11:00 [DEBUG] Connection::poll;
2025-10-29 20:31:32.378+11:00 [DEBUG] Negotiated: Received confirmation for protocol: /yamux/1.0.0
2025-10-29 20:31:32.378+11:00 [DEBUG] Listener: confirming protocol: /ipfs/id/1.0.0
2025-10-29 20:31:32.378+11:00 [DEBUG] Listener: sent confirmed protocol: /ipfs/id/1.0.0
2025-10-29 20:31:32.378+11:00 [DEBUG] Connection::poll;
2025-10-29 20:31:32.378+11:00 [DEBUG] Listener: confirming protocol: /ipfs/ping/1.0.0
2025-10-29 20:31:32.378+11:00 [DEBUG] Listener: sent confirmed protocol: /ipfs/ping/1.0.0
2025-10-29 20:31:32.378+11:00 [DEBUG] Swarm::poll;
2025-10-29 20:31:32.378+11:00 [DEBUG] Pool::poll;
2025-10-29 20:31:32.378+11:00 [DEBUG] Connection::poll;
2025-10-29 20:31:32.378+11:00 [DEBUG] Identify behaviour event event=Sent { connection_id: ConnectionId(1), peer_id: PeerId("12D3KooWR2KSRQWyanR1dPvnZkXt296xgf3FFn8135szya3zYYwY") }
2025-10-29 20:31:32.378+11:00 [DEBUG] Swarm::poll;
2025-10-29 20:31:32.378+11:00 [DEBUG] Pool::poll;
2025-10-29 20:31:32.378+11:00 [DEBUG] Swarm::poll;
2025-10-29 20:31:32.378+11:00 [DEBUG] Pool::poll;
2025-10-29 20:31:32.382+11:00 [DEBUG] Connection::poll;
2025-10-29 20:31:32.382+11:00 [DEBUG] Connection::poll;
2025-10-29 20:31:32.382+11:00 [DEBUG] Dialer: Received confirmation for protocol: /libp2p/circuit/relay/0.2.0/hop
2025-10-29 20:31:32.383+11:00 [DEBUG] Connection::poll;
2025-10-29 20:31:32.383+11:00 [DEBUG] Connection::poll;
2025-10-29 20:31:32.383+11:00 [DEBUG] Connection::poll;
2025-10-29 20:31:32.383+11:00 [DEBUG] Dialer: Received confirmation for protocol: /ipfs/ping/1.0.0
2025-10-29 20:31:32.383+11:00 [DEBUG] Connection::poll;
2025-10-29 20:31:32.388+11:00 [DEBUG] Connection::poll;
2025-10-29 20:31:32.388+11:00 [DEBUG] Connection::poll;
2025-10-29 20:31:32.388+11:00 [DEBUG] Dialer: Received confirmation for protocol: /ipfs/id/1.0.0
2025-10-29 20:31:32.388+11:00 [DEBUG] Connection::poll;
2025-10-29 20:31:32.388+11:00 [DEBUG] Swarm::poll;
2025-10-29 20:31:32.388+11:00 [DEBUG] Connection::poll;
2025-10-29 20:31:32.388+11:00 [DEBUG] Pool::poll;
2025-10-29 20:31:32.388+11:00 [DEBUG] Identify behaviour event event=Received { connection_id: ConnectionId(1), peer_id: PeerId("12D3KooWR2KSRQWyanR1dPvnZkXt296xgf3FFn8135szya3zYYwY"), info: Info { public_key: PublicKey { publickey: Ed25519(PublicKey(compressed): e1ef2fe6f211f7399a8a6a55fdc811ee92ec7f1ee125942da87ef659553499f) }, protocol_version: "/kaspa/relay/1.0.0", agent_version: "rust-libp2p/0.47.0", listen_addrs: [/ip4/172.17.0.1/tcp/4011, /ip4/172.17.0.1/udp/4011/quic-v1, /ip4/<RELAY_IP>/tcp/4011, /ip4/127.0.0.1/tcp/4011, /ip4/<RELAY_IP>/udp/4011/quic-v1, /ip4/127.0.0.1/udp/4011/quic-v1], protocols: ["/ipfs/id/push/1.0.0", "/ipfs/id/1.0.0", "/libp2p/circuit/relay/0.2.0/hop", "/ipfs/ping/1.0.0"], observed_addr: /ip4/<HOME_IP>/tcp/4012, signed_peer_record: None } }
2025-10-29 20:31:32.388+11:00 [DEBUG] Swarm::poll;
2025-10-29 20:31:32.388+11:00 [DEBUG] Swarm::poll;
2025-10-29 20:31:32.388+11:00 [DEBUG] Swarm::poll;
2025-10-29 20:31:32.388+11:00 [DEBUG] Swarm::poll;
2025-10-29 20:31:32.388+11:00 [DEBUG] Swarm::poll;
2025-10-29 20:31:32.388+11:00 [DEBUG] Swarm::poll;
2025-10-29 20:31:32.388+11:00 [DEBUG] Swarm::poll;
2025-10-29 20:31:32.388+11:00 [DEBUG] Swarm::poll;
2025-10-29 20:31:32.388+11:00 [DEBUG] Pool::poll;
2025-10-29 20:31:32.388+11:00 [DEBUG] Swarm::poll;
2025-10-29 20:31:32.388+11:00 [DEBUG] Pool::poll;
2025-10-29 20:31:32.634+11:00 [DEBUG] Connection::poll;
2025-10-29 20:31:32.641+11:00 [DEBUG] Connection::poll;
2025-10-29 20:31:32.641+11:00 [DEBUG] Connection::poll;
2025-10-29 20:31:32.641+11:00 [DEBUG] Connection::poll;
2025-10-29 20:31:32.641+11:00 [DEBUG] Swarm::poll;
2025-10-29 20:31:32.641+11:00 [DEBUG] Pool::poll;
2025-10-29 20:31:32.641+11:00 [DEBUG] Connection::poll;
2025-10-29 20:31:32.641+11:00 [DEBUG] Swarm::poll;
2025-10-29 20:31:32.641+11:00 [DEBUG] Relay behaviour event event=ReservationReqAccepted { relay_peer_id: PeerId("12D3KooWR2KSRQWyanR1dPvnZkXt296xgf3FFn8135szya3zYYwY"), renewal: false, limit: Some(Limit { duration: Some(120s), data_in_bytes: Some(131072) }) }
2025-10-29 20:31:32.641+11:00 [DEBUG] Swarm::poll;
2025-10-29 20:31:32.641+11:00 [DEBUG] Pool::poll;
2025-10-29 20:31:32.641+11:00 [DEBUG] New listener address listener=ListenerId(2) address=/ip4/<RELAY_IP>/tcp/4011/p2p/12D3KooWR2KSRQWyanR1dPvnZkXt296xgf3FFn8135szya3zYYwY/p2p-circuit/p2p/12D3KooWR7QpfbpcFBJH32w3tqcY6erAg4xgZsN9QYmGBhw7vUBC
2025-10-29 20:31:32.641+11:00 [INFO ] Swarm listening address=/ip4/<RELAY_IP>/tcp/4011/p2p/12D3KooWR2KSRQWyanR1dPvnZkXt296xgf3FFn8135szya3zYYwY/p2p-circuit/p2p/12D3KooWR7QpfbpcFBJH32w3tqcY6erAg4xgZsN9QYmGBhw7vUBC
2025-10-29 20:31:32.641+11:00 [DEBUG] Swarm::poll;
2025-10-29 20:31:32.641+11:00 [DEBUG] Pool::poll;
2025-10-29 20:31:32.641+11:00 [DEBUG] Connection::poll;
2025-10-29 20:31:32.641+11:00 [DEBUG] Swarm::poll;
2025-10-29 20:31:32.641+11:00 [DEBUG] Pool::poll;
2025-10-29 20:31:32.641+11:00 [DEBUG] Relay listen request via /ip4/<RELAY_IP>/tcp/4011/p2p/12D3KooWR2KSRQWyanR1dPvnZkXt296xgf3FFn8135szya3zYYwY (relay 12D3KooWR2KSRQWyanR1dPvnZkXt296xgf3FFn8135szya3zYYwY); submitting /ip4/<RELAY_IP>/tcp/4011/p2p/12D3KooWR2KSRQWyanR1dPvnZkXt296xgf3FFn8135szya3zYYwY/p2p-circuit
command-tx[swarm-12D3KooWR7QpfbpcFBJH32w3tqcY6erAg4xgZsN9QYmGBhw7vUBC]: ++ (SwarmHandle::command_tx) -> 2
command-tx[swarm-12D3KooWR7QpfbpcFBJH32w3tqcY6erAg4xgZsN9QYmGBhw7vUBC]: -- (drop) -> 1
2025-10-29 20:31:32.641+11:00 [DEBUG] Swarm::poll;
2025-10-29 20:31:32.641+11:00 [DEBUG] Pool::poll;
2025-10-29 20:31:32.641+11:00 [DEBUG] Swarm::poll;
2025-10-29 20:31:32.641+11:00 [DEBUG] Pool::poll;
2025-10-29 20:31:32.641+11:00 [DEBUG] Swarm::poll;
2025-10-29 20:31:32.641+11:00 [DEBUG] Pool::poll;
2025-10-29 20:31:32.641+11:00 [DEBUG] Connection::poll;
2025-10-29 20:31:32.641+11:00 [DEBUG] b030b0ac: new outbound (Stream b030b0ac/7) of (Connection b030b0ac Client (streams 2))
2025-10-29 20:31:32.641+11:00 [DEBUG] Dialer: Proposed protocol: /libp2p/circuit/relay/0.2.0/hop
2025-10-29 20:31:32.641+11:00 [DEBUG] Connection::poll;
2025-10-29 20:31:32.644+11:00 [DEBUG] Connection::poll;
2025-10-29 20:31:32.645+11:00 [DEBUG] Connection::poll;
2025-10-29 20:31:32.645+11:00 [DEBUG] ping succeeded rtt=261.761041ms
2025-10-29 20:31:32.645+11:00 [DEBUG] Connection::poll;
2025-10-29 20:31:32.645+11:00 [DEBUG] Swarm::poll;
2025-10-29 20:31:32.645+11:00 [DEBUG] Pool::poll;
2025-10-29 20:31:32.645+11:00 [DEBUG] Swarm::poll;
2025-10-29 20:31:32.645+11:00 [DEBUG] Pool::poll;
2025-10-29 20:31:32.645+11:00 [DEBUG] Swarm::poll;
2025-10-29 20:31:32.645+11:00 [DEBUG] Pool::poll;
2025-10-29 20:31:32.900+11:00 [DEBUG] Connection::poll;
2025-10-29 20:31:32.900+11:00 [DEBUG] Connection::poll;
2025-10-29 20:31:32.900+11:00 [DEBUG] Dialer: Received confirmation for protocol: /libp2p/circuit/relay/0.2.0/hop
2025-10-29 20:31:32.900+11:00 [DEBUG] Connection::poll;
2025-10-29 20:31:33.161+11:00 [DEBUG] Connection::poll;
2025-10-29 20:31:33.161+11:00 [DEBUG] Connection::poll;
2025-10-29 20:31:33.161+11:00 [DEBUG] Connection::poll;
2025-10-29 20:31:33.161+11:00 [DEBUG] Swarm::poll;
2025-10-29 20:31:33.161+11:00 [DEBUG] Pool::poll;
2025-10-29 20:31:33.161+11:00 [DEBUG] Relay behaviour event event=ReservationReqAccepted { relay_peer_id: PeerId("12D3KooWR2KSRQWyanR1dPvnZkXt296xgf3FFn8135szya3zYYwY"), renewal: true, limit: Some(Limit { duration: Some(120s), data_in_bytes: Some(131072) }) }
2025-10-29 20:31:33.161+11:00 [DEBUG] Connection::poll;
2025-10-29 20:31:33.161+11:00 [DEBUG] Swarm::poll;
2025-10-29 20:31:33.161+11:00 [DEBUG] Pool::poll;
2025-10-29 20:31:33.161+11:00 [DEBUG] Listener closed listener=ListenerId(2) reason=Ok(())
2025-10-29 20:31:33.161+11:00 [DEBUG] Swarm::poll;
2025-10-29 20:31:33.161+11:00 [DEBUG] Pool::poll;
2025-10-29 20:31:33.161+11:00 [DEBUG] New listener address listener=ListenerId(3) address=/ip4/<RELAY_IP>/tcp/4011/p2p/12D3KooWR2KSRQWyanR1dPvnZkXt296xgf3FFn8135szya3zYYwY/p2p-circuit/p2p/12D3KooWR7QpfbpcFBJH32w3tqcY6erAg4xgZsN9QYmGBhw7vUBC
2025-10-29 20:31:33.161+11:00 [INFO ] Swarm listening address=/ip4/<RELAY_IP>/tcp/4011/p2p/12D3KooWR2KSRQWyanR1dPvnZkXt296xgf3FFn8135szya3zYYwY/p2p-circuit/p2p/12D3KooWR7QpfbpcFBJH32w3tqcY6erAg4xgZsN9QYmGBhw7vUBC
2025-10-29 20:31:33.161+11:00 [DEBUG] Swarm::poll;
2025-10-29 20:31:33.161+11:00 [DEBUG] Pool::poll;
2025-10-29 20:31:33.161+11:00 [DEBUG] Relay reservation requested via /ip4/<RELAY_IP>/tcp/4011/p2p/12D3KooWR2KSRQWyanR1dPvnZkXt296xgf3FFn8135szya3zYYwY/p2p-circuit
2025-10-29 20:31:33.161+11:00 [DEBUG] libp2p server peer id: 12D3KooWR7QpfbpcFBJH32w3tqcY6erAg4xgZsN9QYmGBhw7vUBC
2025-10-29 20:31:33.161+11:00 [DEBUG] libp2p server feeding incoming streams into tonic
2025-10-29 20:31:33.161+11:00 [DEBUG] Swarm::poll;
2025-10-29 20:31:33.161+11:00 [DEBUG] Pool::poll;
2025-10-29 20:31:33.161+11:00 [DEBUG] Connection::poll;
2025-10-29 20:31:33.161+11:00 [DEBUG] P2P, p2p_client::main - starting peer:0
2025-10-29 20:31:33.162+11:00 [DEBUG] connecting to [::1]:16111
2025-10-29 20:31:33.162+11:00 [DEBUG] P2P, connect retry #1 failed with error TonicError(tonic::transport::Error(Transport, ConnectError(ConnectError("tcp connect error", [::1]:16111, Os { code: 61, kind: ConnectionRefused, message: "Connection refused" })))), peer: "[::1]:16111"
2025-10-29 20:31:34.164+11:00 [DEBUG] connecting to [::1]:16111
2025-10-29 20:31:34.166+11:00 [DEBUG] P2P, connect retry #2 failed with error TonicError(tonic::transport::Error(Transport, ConnectError(ConnectError("tcp connect error", [::1]:16111, Os { code: 61, kind: ConnectionRefused, message: "Connection refused" })))), peer: "[::1]:16111"
2025-10-29 20:31:35.167+11:00 [DEBUG] connecting to [::1]:16111
2025-10-29 20:31:35.168+11:00 [DEBUG] P2P, connect retry #3 failed with error TonicError(tonic::transport::Error(Transport, ConnectError(ConnectError("tcp connect error", [::1]:16111, Os { code: 61, kind: ConnectionRefused, message: "Connection refused" })))), peer: "[::1]:16111"
2025-10-29 20:31:36.172+11:00 [DEBUG] connecting to [::1]:16111
2025-10-29 20:31:36.173+11:00 [DEBUG] P2P, connect retry #4 failed with error TonicError(tonic::transport::Error(Transport, ConnectError(ConnectError("tcp connect error", [::1]:16111, Os { code: 61, kind: ConnectionRefused, message: "Connection refused" })))), peer: "[::1]:16111"
2025-10-29 20:31:37.175+11:00 [DEBUG] connecting to [::1]:16111
2025-10-29 20:31:37.175+11:00 [DEBUG] P2P, connect retry #5 failed with error TonicError(tonic::transport::Error(Transport, ConnectError(ConnectError("tcp connect error", [::1]:16111, Os { code: 61, kind: ConnectionRefused, message: "Connection refused" })))), peer: "[::1]:16111"
2025-10-29 20:31:38.177+11:00 [DEBUG] connecting to [::1]:16111
2025-10-29 20:31:38.178+11:00 [DEBUG] P2P, connect retry #6 failed with error TonicError(tonic::transport::Error(Transport, ConnectError(ConnectError("tcp connect error", [::1]:16111, Os { code: 61, kind: ConnectionRefused, message: "Connection refused" })))), peer: "[::1]:16111"
2025-10-29 20:31:39.179+11:00 [DEBUG] connecting to [::1]:16111
2025-10-29 20:31:39.179+11:00 [DEBUG] P2P, connect retry #7 failed with error TonicError(tonic::transport::Error(Transport, ConnectError(ConnectError("tcp connect error", [::1]:16111, Os { code: 61, kind: ConnectionRefused, message: "Connection refused" })))), peer: "[::1]:16111"
2025-10-29 20:31:40.182+11:00 [DEBUG] connecting to [::1]:16111
2025-10-29 20:31:40.182+11:00 [DEBUG] P2P, connect retry #8 failed with error TonicError(tonic::transport::Error(Transport, ConnectError(ConnectError("tcp connect error", [::1]:16111, Os { code: 61, kind: ConnectionRefused, message: "Connection refused" })))), peer: "[::1]:16111"
2025-10-29 20:31:41.184+11:00 [DEBUG] connecting to [::1]:16111
2025-10-29 20:31:41.184+11:00 [DEBUG] P2P, connect retry #9 failed with error TonicError(tonic::transport::Error(Transport, ConnectError(ConnectError("tcp connect error", [::1]:16111, Os { code: 61, kind: ConnectionRefused, message: "Connection refused" })))), peer: "[::1]:16111"
2025-10-29 20:31:42.188+11:00 [DEBUG] connecting to [::1]:16111
2025-10-29 20:31:42.188+11:00 [DEBUG] P2P, connect retry #10 failed with error TonicError(tonic::transport::Error(Transport, ConnectError(ConnectError("tcp connect error", [::1]:16111, Os { code: 61, kind: ConnectionRefused, message: "Connection refused" })))), peer: "[::1]:16111"
2025-10-29 20:31:43.191+11:00 [DEBUG] connecting to [::1]:16111
2025-10-29 20:31:43.192+11:00 [DEBUG] P2P, connect retry #11 failed with error TonicError(tonic::transport::Error(Transport, ConnectError(ConnectError("tcp connect error", [::1]:16111, Os { code: 61, kind: ConnectionRefused, message: "Connection refused" })))), peer: "[::1]:16111"
2025-10-29 20:31:44.196+11:00 [DEBUG] connecting to [::1]:16111
2025-10-29 20:31:44.196+11:00 [DEBUG] P2P, connect retry #12 failed with error TonicError(tonic::transport::Error(Transport, ConnectError(ConnectError("tcp connect error", [::1]:16111, Os { code: 61, kind: ConnectionRefused, message: "Connection refused" })))), peer: "[::1]:16111"
2025-10-29 20:31:45.199+11:00 [DEBUG] connecting to [::1]:16111
2025-10-29 20:31:45.199+11:00 [DEBUG] P2P, connect retry #13 failed with error TonicError(tonic::transport::Error(Transport, ConnectError(ConnectError("tcp connect error", [::1]:16111, Os { code: 61, kind: ConnectionRefused, message: "Connection refused" })))), peer: "[::1]:16111"
2025-10-29 20:31:46.202+11:00 [DEBUG] connecting to [::1]:16111
2025-10-29 20:31:46.203+11:00 [DEBUG] P2P, connect retry #14 failed with error TonicError(tonic::transport::Error(Transport, ConnectError(ConnectError("tcp connect error", [::1]:16111, Os { code: 61, kind: ConnectionRefused, message: "Connection refused" })))), peer: "[::1]:16111"
2025-10-29 20:31:47.207+11:00 [DEBUG] connecting to [::1]:16111
2025-10-29 20:31:47.207+11:00 [DEBUG] P2P, connect retry #15 failed with error TonicError(tonic::transport::Error(Transport, ConnectError(ConnectError("tcp connect error", [::1]:16111, Os { code: 61, kind: ConnectionRefused, message: "Connection refused" })))), peer: "[::1]:16111"
2025-10-29 20:31:47.654+11:00 [DEBUG] Connection::poll;
2025-10-29 20:31:47.655+11:00 [DEBUG] Connection::poll;
2025-10-29 20:31:47.924+11:00 [DEBUG] Connection::poll;
2025-10-29 20:31:47.924+11:00 [DEBUG] Connection::poll;
2025-10-29 20:31:47.924+11:00 [DEBUG] ping succeeded rtt=269.849083ms
2025-10-29 20:31:47.924+11:00 [DEBUG] Connection::poll;
2025-10-29 20:31:47.924+11:00 [DEBUG] Swarm::poll;
2025-10-29 20:31:47.924+11:00 [DEBUG] Pool::poll;
2025-10-29 20:31:47.925+11:00 [DEBUG] Swarm::poll;
2025-10-29 20:31:47.925+11:00 [DEBUG] Pool::poll;
2025-10-29 20:31:47.925+11:00 [DEBUG] Swarm::poll;
2025-10-29 20:31:47.925+11:00 [DEBUG] Pool::poll;
2025-10-29 20:31:48.209+11:00 [DEBUG] connecting to [::1]:16111
2025-10-29 20:31:48.210+11:00 [DEBUG] P2P, connect retry #16 failed with error TonicError(tonic::transport::Error(Transport, ConnectError(ConnectError("tcp connect error", [::1]:16111, Os { code: 61, kind: ConnectionRefused, message: "Connection refused" })))), peer: "[::1]:16111"
2025-10-29 20:31:48.210+11:00 [DEBUG] P2P, Client connection retry #16 - all failed
2025-10-29 20:32:02.899+11:00 [DEBUG] Connection::poll;
2025-10-29 20:32:02.899+11:00 [DEBUG] Connection::poll;
2025-10-29 20:32:02.900+11:00 [DEBUG] Connection::poll;
2025-10-29 20:32:02.934+11:00 [DEBUG] Connection::poll;
2025-10-29 20:32:02.934+11:00 [DEBUG] Connection::poll;
2025-10-29 20:32:03.197+11:00 [DEBUG] Connection::poll;
2025-10-29 20:32:03.197+11:00 [DEBUG] Connection::poll;
2025-10-29 20:32:03.197+11:00 [DEBUG] ping succeeded rtt=262.515125ms
2025-10-29 20:32:03.197+11:00 [DEBUG] Connection::poll;
2025-10-29 20:32:03.197+11:00 [DEBUG] Swarm::poll;
2025-10-29 20:32:03.197+11:00 [DEBUG] Pool::poll;
2025-10-29 20:32:03.197+11:00 [DEBUG] Swarm::poll;
2025-10-29 20:32:03.197+11:00 [DEBUG] Pool::poll;
2025-10-29 20:32:03.197+11:00 [DEBUG] Swarm::poll;
2025-10-29 20:32:03.197+11:00 [DEBUG] Pool::poll;
2025-10-29 20:32:18.200+11:00 [DEBUG] Connection::poll;
2025-10-29 20:32:18.201+11:00 [DEBUG] Connection::poll;
2025-10-29 20:32:18.202+11:00 [DEBUG] Connection::poll;
2025-10-29 20:32:18.202+11:00 [DEBUG] Listener: confirming protocol: /libp2p/circuit/relay/0.2.0/stop
2025-10-29 20:32:18.202+11:00 [DEBUG] Listener: sent confirmed protocol: /libp2p/circuit/relay/0.2.0/stop
2025-10-29 20:32:18.202+11:00 [DEBUG] Connection::poll;
2025-10-29 20:32:18.455+11:00 [DEBUG] Connection::poll;
2025-10-29 20:32:18.455+11:00 [DEBUG] Connection::poll;
2025-10-29 20:32:18.455+11:00 [DEBUG] ping succeeded rtt=255.070291ms
2025-10-29 20:32:18.455+11:00 [DEBUG] Connection::poll;
2025-10-29 20:32:18.455+11:00 [DEBUG] Swarm::poll;
2025-10-29 20:32:18.455+11:00 [DEBUG] Pool::poll;
2025-10-29 20:32:18.455+11:00 [DEBUG] Swarm::poll;
2025-10-29 20:32:18.455+11:00 [DEBUG] Pool::poll;
2025-10-29 20:32:18.455+11:00 [DEBUG] Swarm::poll;
2025-10-29 20:32:18.455+11:00 [DEBUG] Pool::poll;
2025-10-29 20:32:18.460+11:00 [DEBUG] Connection::poll;
2025-10-29 20:32:18.460+11:00 [DEBUG] Connection::poll;
2025-10-29 20:32:18.460+11:00 [DEBUG] Connection::poll;
2025-10-29 20:32:18.460+11:00 [DEBUG] Swarm::poll;
2025-10-29 20:32:18.460+11:00 [DEBUG] Pool::poll;
2025-10-29 20:32:18.460+11:00 [DEBUG] Relay behaviour event event=InboundCircuitEstablished { src_peer_id: PeerId("12D3KooWGe48qFdHzuRZBJZFHu9qCkYqK8v7WPo7dWpVNedfwRqp"), limit: Some(Limit { duration: Some(120s), data_in_bytes: Some(131072) }) }
2025-10-29 20:32:18.460+11:00 [DEBUG] Swarm::poll;
2025-10-29 20:32:18.460+11:00 [DEBUG] Pool::poll;
2025-10-29 20:32:18.460+11:00 [DEBUG] new_incoming_connection; remote_addr=/p2p/12D3KooWGe48qFdHzuRZBJZFHu9qCkYqK8v7WPo7dWpVNedfwRqp id=2
2025-10-29 20:32:18.460+11:00 [DEBUG] Swarm::poll;
2025-10-29 20:32:18.460+11:00 [DEBUG] Pool::poll;
2025-10-29 20:32:18.460+11:00 [DEBUG] Swarm::poll;
2025-10-29 20:32:18.460+11:00 [DEBUG] Pool::poll;
2025-10-29 20:32:18.460+11:00 [DEBUG] Connection::poll;
2025-10-29 20:32:18.801+11:00 [DEBUG] Connection::poll;
2025-10-29 20:32:18.801+11:00 [DEBUG] Listener: confirming protocol: /noise
2025-10-29 20:32:18.801+11:00 [DEBUG] Listener: sent confirmed protocol: /noise
2025-10-29 20:32:18.802+11:00 [DEBUG] Connection::poll;
2025-10-29 20:32:19.166+11:00 [DEBUG] Connection::poll;
2025-10-29 20:32:19.167+11:00 [DEBUG] Listener: confirming protocol: /yamux/1.0.0
2025-10-29 20:32:19.167+11:00 [DEBUG] Listener: sent confirmed protocol: /yamux/1.0.0
2025-10-29 20:32:19.167+11:00 [DEBUG] new connection: e79a3c67 (Server)
2025-10-29 20:32:19.167+11:00 [DEBUG] Swarm::poll;
2025-10-29 20:32:19.167+11:00 [DEBUG] Connection::poll;
2025-10-29 20:32:19.167+11:00 [DEBUG] Pool::poll;
2025-10-29 20:32:19.167+11:00 [DEBUG] Creating new channel pair peer=12D3KooWGe48qFdHzuRZBJZFHu9qCkYqK8v7WPo7dWpVNedfwRqp connection=2
2025-10-29 20:32:19.167+11:00 [DEBUG] new_established_connection; remote_addr=/p2p/12D3KooWGe48qFdHzuRZBJZFHu9qCkYqK8v7WPo7dWpVNedfwRqp id=2 peer=12D3KooWGe48qFdHzuRZBJZFHu9qCkYqK8v7WPo7dWpVNedfwRqp
2025-10-29 20:32:19.167+11:00 [DEBUG] Connection established peer=12D3KooWGe48qFdHzuRZBJZFHu9qCkYqK8v7WPo7dWpVNedfwRqp endpoint=Listener { local_addr: /ip4/<RELAY_IP>/tcp/4011/p2p/12D3KooWR2KSRQWyanR1dPvnZkXt296xgf3FFn8135szya3zYYwY/p2p-circuit, send_back_addr: /p2p/12D3KooWGe48qFdHzuRZBJZFHu9qCkYqK8v7WPo7dWpVNedfwRqp } total_peers=1
2025-10-29 20:32:19.167+11:00 [DEBUG] Swarm connection established peer_id=12D3KooWGe48qFdHzuRZBJZFHu9qCkYqK8v7WPo7dWpVNedfwRqp endpoint=Listener { local_addr: /ip4/<RELAY_IP>/tcp/4011/p2p/12D3KooWR2KSRQWyanR1dPvnZkXt296xgf3FFn8135szya3zYYwY/p2p-circuit, send_back_addr: /p2p/12D3KooWGe48qFdHzuRZBJZFHu9qCkYqK8v7WPo7dWpVNedfwRqp }
2025-10-29 20:32:19.167+11:00 [DEBUG] Swarm::poll;
2025-10-29 20:32:19.167+11:00 [DEBUG] Pool::poll;
2025-10-29 20:32:19.167+11:00 [DEBUG] Connection::poll;
2025-10-29 20:32:19.167+11:00 [DEBUG] e79a3c67: new outbound (Stream e79a3c67/2) of (Connection e79a3c67 Server (streams 1))
2025-10-29 20:32:19.167+11:00 [DEBUG] Dialer: Proposed protocol: /libp2p/dcutr
2025-10-29 20:32:19.167+11:00 [DEBUG] e79a3c67: new outbound (Stream e79a3c67/4) of (Connection e79a3c67 Server (streams 3))
2025-10-29 20:32:19.167+11:00 [DEBUG] Dialer: Proposed protocol: /ipfs/ping/1.0.0
2025-10-29 20:32:19.167+11:00 [DEBUG] e79a3c67: new outbound (Stream e79a3c67/6) of (Connection e79a3c67 Server (streams 5))
2025-10-29 20:32:19.167+11:00 [DEBUG] Dialer: Proposed protocol: /ipfs/id/1.0.0
2025-10-29 20:32:19.167+11:00 [DEBUG] Connection::poll;
2025-10-29 20:32:19.167+11:00 [DEBUG] Listener: confirming protocol: /kaspa/p2p/bridge/1.0
2025-10-29 20:32:19.167+11:00 [DEBUG] Listener: sent confirmed protocol: /kaspa/p2p/bridge/1.0
2025-10-29 20:32:19.167+11:00 [DEBUG] Swarm::poll;
2025-10-29 20:32:19.167+11:00 [DEBUG] Pool::poll;
2025-10-29 20:32:19.168+11:00 [DEBUG] Listener: confirming protocol: /ipfs/ping/1.0.0
2025-10-29 20:32:19.168+11:00 [DEBUG] Listener: sent confirmed protocol: /ipfs/ping/1.0.0
2025-10-29 20:32:19.168+11:00 [DEBUG] Listener: confirming protocol: /ipfs/id/1.0.0
2025-10-29 20:32:19.168+11:00 [DEBUG] Listener: sent confirmed protocol: /ipfs/id/1.0.0
2025-10-29 20:32:19.168+11:00 [DEBUG] send frame=Settings { flags: (0x0), initial_window_size: 8388608, max_frame_size: 1048576, max_header_list_size: 65536 }
2025-10-29 20:32:19.168+11:00 [DEBUG] Connection::poll;
2025-10-29 20:32:19.168+11:00 [DEBUG] Connection::poll;
2025-10-29 20:32:19.168+11:00 [DEBUG] Connection::poll;
2025-10-29 20:32:19.168+11:00 [DEBUG] Swarm::poll;
2025-10-29 20:32:19.168+11:00 [DEBUG] Pool::poll;
2025-10-29 20:32:19.168+11:00 [DEBUG] Identify behaviour event event=Sent { connection_id: ConnectionId(2), peer_id: PeerId("12D3KooWGe48qFdHzuRZBJZFHu9qCkYqK8v7WPo7dWpVNedfwRqp") }
2025-10-29 20:32:19.168+11:00 [DEBUG] Swarm::poll;
2025-10-29 20:32:19.168+11:00 [DEBUG] Pool::poll;
2025-10-29 20:32:19.530+11:00 [DEBUG] Connection::poll;
2025-10-29 20:32:19.531+11:00 [DEBUG] Connection::poll;
2025-10-29 20:32:19.532+11:00 [DEBUG] Connection; peer=Server
2025-10-29 20:32:19.532+11:00 [DEBUG] received frame=Settings { flags: (0x0), enable_push: 0, initial_window_size: 8388608, max_frame_size: 1048576, max_header_list_size: 65536 }
2025-10-29 20:32:19.532+11:00 [DEBUG] send frame=Settings { flags: (0x1: ACK) }
2025-10-29 20:32:19.532+11:00 [DEBUG] received frame=Settings { flags: (0x1: ACK) }
2025-10-29 20:32:19.532+11:00 [DEBUG] received settings ACK; applying Settings { flags: (0x0), initial_window_size: 8388608, max_frame_size: 1048576, max_header_list_size: 65536 }
2025-10-29 20:32:19.532+11:00 [DEBUG] received frame=WindowUpdate { stream_id: StreamId(0), size_increment: 16711681 }
2025-10-29 20:32:19.532+11:00 [DEBUG] Connection::poll;
2025-10-29 20:32:19.532+11:00 [DEBUG] Dialer: Received confirmation for protocol: /libp2p/dcutr
2025-10-29 20:32:19.532+11:00 [DEBUG] received frame=Headers { stream_id: StreamId(1), flags: (0x4: END_HEADERS) }
2025-10-29 20:32:19.532+11:00 [DEBUG] Dialer: Received confirmation for protocol: /ipfs/ping/1.0.0
2025-10-29 20:32:19.532+11:00 [DEBUG] Dialer: Received confirmation for protocol: /ipfs/id/1.0.0
2025-10-29 20:32:19.532+11:00 [DEBUG] send frame=WindowUpdate { stream_id: StreamId(0), size_increment: 16711681 }
2025-10-29 20:32:19.533+11:00 [DEBUG] Connection::poll;
2025-10-29 20:32:19.533+11:00 [DEBUG] Connection::poll;
2025-10-29 20:32:19.533+11:00 [DEBUG] Swarm::poll;
2025-10-29 20:32:19.533+11:00 [DEBUG] Pool::poll;
2025-10-29 20:32:19.533+11:00 [DEBUG] Identify behaviour event event=Received { connection_id: ConnectionId(2), peer_id: PeerId("12D3KooWGe48qFdHzuRZBJZFHu9qCkYqK8v7WPo7dWpVNedfwRqp"), info: Info { public_key: PublicKey { publickey: Ed25519(PublicKey(compressed): 655d9c472327e1f0ceeafbf68188e4e296df9a5a1b6d8e9f6614d49471f7f) }, protocol_version: "/kaspa/0.1.0", agent_version: "rust-libp2p/0.47.0", listen_addrs: [], protocols: ["/ipfs/id/push/1.0.0", "/kaspa/p2p/bridge/1.0", "/ipfs/ping/1.0.0", "/libp2p/dcutr", "/ipfs/id/1.0.0"], observed_addr: /ip4/<RELAY_IP>/tcp/4011/p2p/12D3KooWR2KSRQWyanR1dPvnZkXt296xgf3FFn8135szya3zYYwY/p2p-circuit, signed_peer_record: None } }
2025-10-29 20:32:19.533+11:00 [DEBUG] Swarm::poll;
2025-10-29 20:32:19.533+11:00 [DEBUG] Swarm::poll;
2025-10-29 20:32:19.533+11:00 [DEBUG] Pool::poll;
2025-10-29 20:32:19.533+11:00 [DEBUG] Connection::poll;
2025-10-29 20:32:19.533+11:00 [DEBUG] P2P, synthesized remote address for libp2p inbound: [fd00::171b:73b7:cefb:8e8a]:52987
2025-10-29 20:32:19.533+11:00 [DEBUG] P2P, accepting incoming libp2p stream: peer=12D3KooWGe48qFdHzuRZBJZFHu9qCkYqK8v7WPo7dWpVNedfwRqp
2025-10-29 20:32:19.533+11:00 [DEBUG] starting send version flow
2025-10-29 20:32:19.533+11:00 [DEBUG] sending version message: VersionMessage { protocol_version: 5, services: 0, timestamp: 1761730339533, address: None, id: [65, 181, 147, 9, 118, 229, 70, 145, 148, 93, 223, 71, 21, 139, 142, 220], user_agent: "", disable_relay_tx: false, subnetwork_id: None, network: "kaspa-mainnet" }
2025-10-29 20:32:19.533+11:00 [DEBUG] starting receive version flow
2025-10-29 20:32:19.534+11:00 [DEBUG] send frame=Headers { stream_id: StreamId(1), flags: (0x4: END_HEADERS) }
2025-10-29 20:32:19.534+11:00 [DEBUG] Connection::poll;
2025-10-29 20:32:19.534+11:00 [DEBUG] Connection::poll;
2025-10-29 20:32:19.534+11:00 [DEBUG] send frame=Data { stream_id: StreamId(1) }
2025-10-29 20:32:19.534+11:00 [DEBUG] Connection::poll;
2025-10-29 20:32:19.534+11:00 [DEBUG] Connection::poll;
2025-10-29 20:32:19.884+11:00 [DEBUG] Connection::poll;
2025-10-29 20:32:19.884+11:00 [DEBUG] Connection::poll;
2025-10-29 20:32:19.884+11:00 [DEBUG] Connection::poll;
2025-10-29 20:32:19.884+11:00 [DEBUG] ping succeeded rtt=351.423042ms
2025-10-29 20:32:19.884+11:00 [DEBUG] Connection::poll;
2025-10-29 20:32:19.884+11:00 [DEBUG] Connection::poll;
2025-10-29 20:32:19.884+11:00 [DEBUG] Swarm::poll;
2025-10-29 20:32:19.884+11:00 [DEBUG] Pool::poll;
2025-10-29 20:32:19.884+11:00 [DEBUG] Swarm::poll;
2025-10-29 20:32:19.884+11:00 [DEBUG] Pool::poll;
2025-10-29 20:32:19.884+11:00 [DEBUG] Connection::poll;
2025-10-29 20:32:19.885+11:00 [DEBUG] Connection::poll;
2025-10-29 20:32:19.885+11:00 [DEBUG] Connection::poll;
2025-10-29 20:32:19.885+11:00 [DEBUG] received frame=Data { stream_id: StreamId(1) }
2025-10-29 20:32:19.885+11:00 [DEBUG] accepted version message: VersionMessage { protocol_version: 5, services: 0, timestamp: 1761730339716, address: None, id: [145, 221, 54, 2, 138, 63, 71, 203, 168, 171, 146, 206, 144, 250, 109, 43], user_agent: "", disable_relay_tx: false, subnetwork_id: None, network: "kaspa-mainnet" }
2025-10-29 20:32:19.885+11:00 [DEBUG] accepted verack_message: VerackMessage
2025-10-29 20:32:19.885+11:00 [DEBUG] protocol versions - self: 5, peer: 5
2025-10-29 20:32:19.885+11:00 [DEBUG] EchoFlow, start app-layer receiving loop
2025-10-29 20:32:19.885+11:00 [DEBUG] starting ready flow
2025-10-29 20:32:19.885+11:00 [DEBUG] EchoFlow, start message dispatching loop
2025-10-29 20:32:19.885+11:00 [DEBUG] send frame=Data { stream_id: StreamId(1) }
2025-10-29 20:32:19.885+11:00 [DEBUG] Connection::poll;
2025-10-29 20:32:19.885+11:00 [DEBUG] Connection::poll;
2025-10-29 20:32:20.065+11:00 [DEBUG] Connection::poll;
2025-10-29 20:32:20.065+11:00 [DEBUG] Connection::poll;
2025-10-29 20:32:20.065+11:00 [DEBUG] Connection::poll;
2025-10-29 20:32:20.065+11:00 [DEBUG] Swarm::poll;
2025-10-29 20:32:20.065+11:00 [DEBUG] Pool::poll;
2025-10-29 20:32:20.065+11:00 [DEBUG] Attempting to hole-punch as listener target=12D3KooWGe48qFdHzuRZBJZFHu9qCkYqK8v7WPo7dWpVNedfwRqp addresses=[/ip4/<CLIENT_VPS_IP>/tcp/35564/p2p/12D3KooWGe48qFdHzuRZBJZFHu9qCkYqK8v7WPo7dWpVNedfwRqp]
2025-10-29 20:32:20.065+11:00 [DEBUG] Failed to dial using libp2p_core::transport::map::Map<libp2p_core::transport::upgrade::Multiplexed<libp2p_core::transport::and_then::AndThen<libp2p_core::transport::and_then::AndThen<libp2p_tcp::Transport<libp2p_tcp::provider::tokio::Tcp>, libp2p_core::transport::upgrade::Builder<libp2p_tcp::Transport<libp2p_tcp::provider::tokio::Tcp>>::authenticate<libp2p_tcp::provider::tokio::TcpStream, libp2p_noise::io::Output<multistream_select::negotiated::Negotiated<libp2p_tcp::provider::tokio::TcpStream>>, libp2p_noise::Config, libp2p_noise::Error>::{{closure}}>, libp2p_core::transport::upgrade::Authenticated<libp2p_core::transport::and_then::AndThen<libp2p_tcp::Transport<libp2p_tcp::provider::tokio::Tcp>, libp2p_core::transport::upgrade::Builder<libp2p_tcp::Transport<libp2p_tcp::provider::tokio::Tcp>>::authenticate<libp2p_tcp::provider::tokio::TcpStream, libp2p_noise::io::Output<multistream_select::negotiated::Negotiated<libp2p_tcp::provider::tokio::TcpStream>>, libp2p_noise::Config, libp2p_noise::Error>::{{closure}}>>::multiplex<libp2p_noise::io::Output<multistream_select::negotiated::Negotiated<libp2p_tcp::provider::tokio::TcpStream>>, libp2p_yamux::Muxer<multistream_select::negotiated::Negotiated<libp2p_noise::io::Output<multistream_select::negotiated::Negotiated<libp2p_tcp::provider::tokio::TcpStream>>>>, libp2p_yamux::Config, std::io::error::Error>::{{closure}}>>, libp2p::builder::phase::tcp::<impl libp2p::builder::SwarmBuilder<libp2p::builder::phase::provider::Tokio, libp2p::builder::phase::tcp::TcpPhase>>::with_tcp<libp2p_noise::Config::new, libp2p_noise::io::Output<multistream_select::negotiated::Negotiated<libp2p_tcp::provider::tokio::TcpStream>>, libp2p_noise::Error, hole_punch_bridge::swarm::build_swarm::{{closure}}, libp2p_yamux::Muxer<multistream_select::negotiated::Negotiated<libp2p_noise::io::Output<multistream_select::negotiated::Negotiated<libp2p_tcp::provider::tokio::TcpStream>>>>, std::io::error::Error>::{{closure}}> address=/ip4/<CLIENT_VPS_IP>/tcp/35564/p2p/12D3KooWGe48qFdHzuRZBJZFHu9qCkYqK8v7WPo7dWpVNedfwRqp
2025-10-29 20:32:20.065+11:00 [DEBUG] dialing address address=<CLIENT_VPS_IP>:35564
2025-10-29 20:32:20.065+11:00 [DEBUG] Connection::poll;
2025-10-29 20:32:20.065+11:00 [DEBUG] Transport::dial; address=/ip4/<CLIENT_VPS_IP>/tcp/35564/p2p/12D3KooWGe48qFdHzuRZBJZFHu9qCkYqK8v7WPo7dWpVNedfwRqp
2025-10-29 20:32:20.065+11:00 [DEBUG] new_outgoing_connection; concurrency_factor=8 num_dials=1 id=3
2025-10-29 20:32:20.065+11:00 [DEBUG] Swarm::poll;
2025-10-29 20:32:20.065+11:00 [DEBUG] Pool::poll;
2025-10-29 20:32:20.229+11:00 [DEBUG] Connection::poll;
2025-10-29 20:32:20.229+11:00 [DEBUG] Connection::poll;
2025-10-29 20:32:20.236+11:00 [DEBUG] Connection::poll;
2025-10-29 20:32:20.236+11:00 [DEBUG] Connection::poll;
2025-10-29 20:32:20.236+11:00 [DEBUG] received frame=Data { stream_id: StreamId(1) }
2025-10-29 20:32:20.236+11:00 [DEBUG] accepted ready message: ReadyMessage
2025-10-29 20:32:20.236+11:00 [INFO ] P2P Connected to incoming peer [fd00::171b:73b7:cefb:8e8a]:52987 (peer=12D3KooWGe48qFdHzuRZBJZFHu9qCkYqK8v7WPo7dWpVNedfwRqp) (inbound: 1)
2025-10-29 20:32:30.076+11:00 [DEBUG] Swarm::poll;
2025-10-29 20:32:30.076+11:00 [DEBUG] Pool::poll;
2025-10-29 20:32:30.077+11:00 [DEBUG] Connection attempt to peer failed with Transport([(/ip4/<CLIENT_VPS_IP>/tcp/35564/p2p/12D3KooWGe48qFdHzuRZBJZFHu9qCkYqK8v7WPo7dWpVNedfwRqp, Other(Custom { kind: Other, error: Timeout }))]). peer=12D3KooWGe48qFdHzuRZBJZFHu9qCkYqK8v7WPo7dWpVNedfwRqp
2025-10-29 20:32:30.077+11:00 [DEBUG] Outgoing connection error peer_id=Some(PeerId("12D3KooWGe48qFdHzuRZBJZFHu9qCkYqK8v7WPo7dWpVNedfwRqp")) error=Failed to negotiate transport protocol(s): [(/ip4/<CLIENT_VPS_IP>/tcp/35564/p2p/12D3KooWGe48qFdHzuRZBJZFHu9qCkYqK8v7WPo7dWpVNedfwRqp: : Timeout has been reached)]
2025-10-29 20:32:30.077+11:00 [DEBUG] Swarm::poll;
2025-10-29 20:32:30.077+11:00 [DEBUG] Pool::poll;
2025-10-29 20:32:30.077+11:00 [DEBUG] Connection::poll;
2025-10-29 20:32:30.077+11:00 [DEBUG] e79a3c67: new outbound (Stream e79a3c67/8) of (Connection e79a3c67 Server (streams 3))
2025-10-29 20:32:30.077+11:00 [DEBUG] Dialer: Proposed protocol: /libp2p/dcutr
2025-10-29 20:32:30.077+11:00 [DEBUG] Connection::poll;
2025-10-29 20:32:30.077+11:00 [DEBUG] Connection::poll;
2025-10-29 20:32:30.333+11:00 [DEBUG] Connection::poll;
2025-10-29 20:32:30.423+11:00 [DEBUG] Connection::poll;
2025-10-29 20:32:30.423+11:00 [DEBUG] Connection::poll;
2025-10-29 20:32:30.423+11:00 [DEBUG] Connection::poll;
2025-10-29 20:32:30.423+11:00 [DEBUG] Dialer: Received confirmation for protocol: /libp2p/dcutr
2025-10-29 20:32:30.424+11:00 [DEBUG] Connection::poll;
2025-10-29 20:32:30.424+11:00 [DEBUG] Connection::poll;
2025-10-29 20:32:30.768+11:00 [DEBUG] Connection::poll;
2025-10-29 20:32:30.768+11:00 [DEBUG] Connection::poll;
2025-10-29 20:32:30.768+11:00 [DEBUG] Connection::poll;
2025-10-29 20:32:30.768+11:00 [DEBUG] Connection::poll;
2025-10-29 20:32:30.768+11:00 [DEBUG] Connection::poll;
2025-10-29 20:32:30.948+11:00 [DEBUG] Connection::poll;
2025-10-29 20:32:30.948+11:00 [DEBUG] Connection::poll;
2025-10-29 20:32:30.948+11:00 [DEBUG] Connection::poll;
2025-10-29 20:32:30.948+11:00 [DEBUG] Swarm::poll;
2025-10-29 20:32:30.948+11:00 [DEBUG] Pool::poll;
2025-10-29 20:32:30.948+11:00 [DEBUG] Attempting to hole-punch as listener target=12D3KooWGe48qFdHzuRZBJZFHu9qCkYqK8v7WPo7dWpVNedfwRqp addresses=[/ip4/<CLIENT_VPS_IP>/tcp/35564/p2p/12D3KooWGe48qFdHzuRZBJZFHu9qCkYqK8v7WPo7dWpVNedfwRqp]
2025-10-29 20:32:30.949+11:00 [DEBUG] Connection::poll;
2025-10-29 20:32:30.949+11:00 [DEBUG] Failed to dial using libp2p_core::transport::map::Map<libp2p_core::transport::upgrade::Multiplexed<libp2p_core::transport::and_then::AndThen<libp2p_core::transport::and_then::AndThen<libp2p_tcp::Transport<libp2p_tcp::provider::tokio::Tcp>, libp2p_core::transport::upgrade::Builder<libp2p_tcp::Transport<libp2p_tcp::provider::tokio::Tcp>>::authenticate<libp2p_tcp::provider::tokio::TcpStream, libp2p_noise::io::Output<multistream_select::negotiated::Negotiated<libp2p_tcp::provider::tokio::TcpStream>>, libp2p_noise::Config, libp2p_noise::Error>::{{closure}}>, libp2p_core::transport::upgrade::Authenticated<libp2p_core::transport::and_then::AndThen<libp2p_tcp::Transport<libp2p_tcp::provider::tokio::Tcp>, libp2p_core::transport::upgrade::Builder<libp2p_tcp::Transport<libp2p_tcp::provider::tokio::Tcp>>::authenticate<libp2p_tcp::provider::tokio::TcpStream, libp2p_noise::io::Output<multistream_select::negotiated::Negotiated<libp2p_tcp::provider::tokio::TcpStream>>, libp2p_noise::Config, libp2p_noise::Error>::{{closure}}>>::multiplex<libp2p_noise::io::Output<multistream_select::negotiated::Negotiated<libp2p_tcp::provider::tokio::TcpStream>>, libp2p_yamux::Muxer<multistream_select::negotiated::Negotiated<libp2p_noise::io::Output<multistream_select::negotiated::Negotiated<libp2p_tcp::provider::tokio::TcpStream>>>>, libp2p_yamux::Config, std::io::error::Error>::{{closure}}>>, libp2p::builder::phase::tcp::<impl libp2p::builder::SwarmBuilder<libp2p::builder::phase::provider::Tokio, libp2p::builder::phase::tcp::TcpPhase>>::with_tcp<libp2p_noise::Config::new, libp2p_noise::io::Output<multistream_select::negotiated::Negotiated<libp2p_tcp::provider::tokio::TcpStream>>, libp2p_noise::Error, hole_punch_bridge::swarm::build_swarm::{{closure}}, libp2p_yamux::Muxer<multistream_select::negotiated::Negotiated<libp2p_noise::io::Output<multistream_select::negotiated::Negotiated<libp2p_tcp::provider::tokio::TcpStream>>>>, std::io::error::Error>::{{closure}}> address=/ip4/<CLIENT_VPS_IP>/tcp/35564/p2p/12D3KooWGe48qFdHzuRZBJZFHu9qCkYqK8v7WPo7dWpVNedfwRqp
2025-10-29 20:32:30.949+11:00 [DEBUG] dialing address address=<CLIENT_VPS_IP>:35564
2025-10-29 20:32:30.949+11:00 [DEBUG] Transport::dial; address=/ip4/<CLIENT_VPS_IP>/tcp/35564/p2p/12D3KooWGe48qFdHzuRZBJZFHu9qCkYqK8v7WPo7dWpVNedfwRqp
2025-10-29 20:32:30.949+11:00 [DEBUG] new_outgoing_connection; concurrency_factor=8 num_dials=1 id=4
2025-10-29 20:32:30.949+11:00 [DEBUG] Swarm::poll;
2025-10-29 20:32:30.949+11:00 [DEBUG] Pool::poll;
2025-10-29 20:32:31.112+11:00 [DEBUG] Connection::poll;
2025-10-29 20:32:31.113+11:00 [DEBUG] Connection::poll;
2025-10-29 20:32:33.157+11:00 [DEBUG] Connection::poll;
2025-10-29 20:32:33.158+11:00 [DEBUG] Connection::poll;
2025-10-29 20:32:33.158+11:00 [DEBUG] Connection::poll;
2025-10-29 20:32:33.464+11:00 [DEBUG] Connection::poll;
2025-10-29 20:32:33.465+11:00 [DEBUG] Connection::poll;
2025-10-29 20:32:33.735+11:00 [DEBUG] Connection::poll;
2025-10-29 20:32:33.736+11:00 [DEBUG] Connection::poll;
2025-10-29 20:32:33.736+11:00 [DEBUG] ping succeeded rtt=271.099083ms
2025-10-29 20:32:33.736+11:00 [DEBUG] Connection::poll;
2025-10-29 20:32:33.736+11:00 [DEBUG] Swarm::poll;
2025-10-29 20:32:33.736+11:00 [DEBUG] Pool::poll;
2025-10-29 20:32:33.736+11:00 [DEBUG] Swarm::poll;
2025-10-29 20:32:33.736+11:00 [DEBUG] Pool::poll;
2025-10-29 20:32:34.885+11:00 [DEBUG] Connection::poll;
2025-10-29 20:32:34.885+11:00 [DEBUG] Connection::poll;
2025-10-29 20:32:34.885+11:00 [DEBUG] Connection::poll;
2025-10-29 20:32:34.885+11:00 [DEBUG] Connection::poll;
2025-10-29 20:32:34.885+11:00 [DEBUG] Connection::poll;
2025-10-29 20:32:34.892+11:00 [DEBUG] Connection::poll;
2025-10-29 20:32:34.893+11:00 [DEBUG] Connection::poll;
2025-10-29 20:32:34.893+11:00 [DEBUG] Connection::poll;
2025-10-29 20:32:35.234+11:00 [DEBUG] Connection::poll;
2025-10-29 20:32:35.234+11:00 [DEBUG] Connection::poll;
2025-10-29 20:32:35.234+11:00 [DEBUG] Connection::poll;
2025-10-29 20:32:35.234+11:00 [DEBUG] ping succeeded rtt=341.661ms
2025-10-29 20:32:35.234+11:00 [DEBUG] Connection::poll;
2025-10-29 20:32:35.234+11:00 [DEBUG] Swarm::poll;
2025-10-29 20:32:35.234+11:00 [DEBUG] Pool::poll;
2025-10-29 20:32:35.234+11:00 [DEBUG] Swarm::poll;
2025-10-29 20:32:35.234+11:00 [DEBUG] Pool::poll;
2025-10-29 20:32:40.268+11:00 [DEBUG] Connection::poll;
2025-10-29 20:32:40.269+11:00 [DEBUG] Connection::poll;
2025-10-29 20:32:40.269+11:00 [DEBUG] b030b0ac/6: eof
2025-10-29 20:32:40.269+11:00 [DEBUG] Connection::poll;
2025-10-29 20:32:40.269+11:00 [DEBUG] Swarm::poll;
2025-10-29 20:32:40.269+11:00 [DEBUG] Pool::poll;
2025-10-29 20:32:40.269+11:00 [DEBUG] Connection closed with error IO(Custom { kind: Other, error: Error(Left(Closed)) }): Connected { endpoint: Listener { local_addr: /ip4/<RELAY_IP>/tcp/4011/p2p/12D3KooWR2KSRQWyanR1dPvnZkXt296xgf3FFn8135szya3zYYwY/p2p-circuit, send_back_addr: /p2p/12D3KooWGe48qFdHzuRZBJZFHu9qCkYqK8v7WPo7dWpVNedfwRqp }, peer_id: PeerId("12D3KooWGe48qFdHzuRZBJZFHu9qCkYqK8v7WPo7dWpVNedfwRqp") } total_peers=0
2025-10-29 20:32:40.269+11:00 [DEBUG] Swarm connection closed peer_id=12D3KooWGe48qFdHzuRZBJZFHu9qCkYqK8v7WPo7dWpVNedfwRqp endpoint=Listener { local_addr: /ip4/<RELAY_IP>/tcp/4011/p2p/12D3KooWR2KSRQWyanR1dPvnZkXt296xgf3FFn8135szya3zYYwY/p2p-circuit, send_back_addr: /p2p/12D3KooWGe48qFdHzuRZBJZFHu9qCkYqK8v7WPo7dWpVNedfwRqp }
2025-10-29 20:32:40.269+11:00 [DEBUG] Swarm::poll;
2025-10-29 20:32:40.269+11:00 [DEBUG] Pool::poll;
2025-10-29 20:32:40.270+11:00 [DEBUG] decoder inner stream error: Status { code: Unknown, message: "h2 protocol error: error reading a body from connection", source: Some(Error { inner: Status { code: Unknown, message: "h2 protocol error: error reading a body from connection", source: Some(hyper::Error(Body, Error { kind: Io(Custom { kind: BrokenPipe, error: "stream closed because of a broken pipe" }) })) } }) }
2025-10-29 20:32:40.270+11:00 [INFO ] P2P, network error: stream closed because of a broken pipe from peer [fd00::171b:73b7:cefb:8e8a]:52987 (peer=12D3KooWGe48qFdHzuRZBJZFHu9qCkYqK8v7WPo7dWpVNedfwRqp)
2025-10-29 20:32:40.270+11:00 [DEBUG] P2P, Router receive loop - exited, router-id: 00000000-0000-0000-0000-000000000000, router refs: 4
2025-10-29 20:32:40.270+11:00 [DEBUG] EchoFlow, exiting message dispatch loop
2025-10-29 20:32:40.270+11:00 [DEBUG] P2P, Hub event loop, removing peer, router-id: 00000000-0000-0000-0000-000000000000
2025-10-29 20:32:40.953+11:00 [DEBUG] Swarm::poll;
2025-10-29 20:32:40.953+11:00 [DEBUG] Pool::poll;
2025-10-29 20:32:40.953+11:00 [DEBUG] Connection attempt to peer failed with Transport([(/ip4/<CLIENT_VPS_IP>/tcp/35564/p2p/12D3KooWGe48qFdHzuRZBJZFHu9qCkYqK8v7WPo7dWpVNedfwRqp, Other(Custom { kind: Other, error: Timeout }))]). peer=12D3KooWGe48qFdHzuRZBJZFHu9qCkYqK8v7WPo7dWpVNedfwRqp
2025-10-29 20:32:40.953+11:00 [DEBUG] Outgoing connection error peer_id=Some(PeerId("12D3KooWGe48qFdHzuRZBJZFHu9qCkYqK8v7WPo7dWpVNedfwRqp")) error=Failed to negotiate transport protocol(s): [(/ip4/<CLIENT_VPS_IP>/tcp/35564/p2p/12D3KooWGe48qFdHzuRZBJZFHu9qCkYqK8v7WPo7dWpVNedfwRqp: : Timeout has been reached)]
2025-10-29 20:32:40.953+11:00 [DEBUG] Swarm::poll;
2025-10-29 20:32:40.953+11:00 [DEBUG] Pool::poll;
2025-10-29 20:32:48.744+11:00 [DEBUG] Connection::poll;
2025-10-29 20:32:48.744+11:00 [DEBUG] Connection::poll;
2025-10-29 20:32:49.210+11:00 [DEBUG] Connection::poll;
2025-10-29 20:32:49.210+11:00 [DEBUG] Connection::poll;
2025-10-29 20:32:49.210+11:00 [DEBUG] ping succeeded rtt=466.15575ms
2025-10-29 20:32:49.210+11:00 [DEBUG] Connection::poll;
2025-10-29 20:32:49.210+11:00 [DEBUG] Swarm::poll;
2025-10-29 20:32:49.210+11:00 [DEBUG] Pool::poll;
2025-10-29 20:32:49.210+11:00 [DEBUG] Swarm::poll;
2025-10-29 20:32:49.210+11:00 [DEBUG] Pool::poll;
2025-10-29 20:32:49.210+11:00 [DEBUG] Swarm::poll;
2025-10-29 20:32:49.210+11:00 [DEBUG] Pool::poll;
2025-10-29 20:32:52.213+11:00 [DEBUG] P2P,p2p_client::main - TERMINATE
SwarmHandle::shutdown: sending Shutdown; active clones=1
SwarmHandle::shutdown: awaiting join
2025-10-29 20:32:52.213+11:00 [DEBUG] Swarm::poll;
2025-10-29 20:32:52.214+11:00 [DEBUG] Pool::poll;
SwarmHandle::shutdown: join complete
command-tx[swarm-12D3KooWR7QpfbpcFBJH32w3tqcY6erAg4xgZsN9QYmGBhw7vUBC]: -- (drop) -> 0
2025-10-29 20:32:52.214+11:00 [DEBUG] P2P,p2p_client::main - FINISH
2025-10-29 20:32:52.215+11:00 [DEBUG] P2P, libp2p incoming server stopped
2025-10-29 20:33:02.216+11:00 [DEBUG] P2P,p2p_client::main - EXIT
